  [1m[35m (9.9ms)[0m  [1m[35mCREATE TABLE "schema_migrations" ("version" character varying NOT NULL PRIMARY KEY)[0m
  [1m[35m (4.8ms)[0m  [1m[35mCREATE TABLE "ar_internal_metadata" ("key" character varying NOT NULL PRIMARY KEY, "value" character varying, "created_at" timestamp NOT NULL, "updated_at" timestamp NOT NULL)[0m
  [1m[35m (0.2ms)[0m  [1m[34mSELECT pg_try_advisory_lock(5870676503668667565)[0m
  [1m[35m (0.3ms)[0m  [1m[34mSELECT "schema_migrations"."version" FROM "schema_migrations" ORDER BY "schema_migrations"."version" ASC[0m
Migrating to CreateSongs (20180328224705)
  [1m[35m (0.1ms)[0m  [1m[35mBEGIN[0m
  [1m[35m (11.8ms)[0m  [1m[35mCREATE TABLE "songs" ("id" bigserial primary key, "title" text, "artist_id" integer, "album_id" integer, "created_at" timestamp NOT NULL, "updated_at" timestamp NOT NULL)[0m
  [1m[35mSQL (0.4ms)[0m  [1m[32mINSERT INTO "schema_migrations" ("version") VALUES ($1) RETURNING "version"[0m  [["version", "20180328224705"]]
  [1m[35m (3.0ms)[0m  [1m[35mCOMMIT[0m
  [1m[36mActiveRecord::InternalMetadata Load (0.8ms)[0m  [1m[34mSELECT  "ar_internal_metadata".* FROM "ar_internal_metadata" WHERE "ar_internal_metadata"."key" = $1 LIMIT $2[0m  [["key", "environment"], ["LIMIT", 1]]
  [1m[35m (0.2ms)[0m  [1m[35mBEGIN[0m
  [1m[35mSQL (0.5ms)[0m  [1m[32mINSERT INTO "ar_internal_metadata" ("key", "value", "created_at", "updated_at") VALUES ($1, $2, $3, $4) RETURNING "key"[0m  [["key", "environment"], ["value", "development"], ["created_at", "2018-03-28 22:49:32.688417"], ["updated_at", "2018-03-28 22:49:32.688417"]]
  [1m[35m (2.5ms)[0m  [1m[35mCOMMIT[0m
  [1m[35m (0.3ms)[0m  [1m[34mSELECT pg_advisory_unlock(5870676503668667565)[0m
  [1m[35m (0.5ms)[0m  [1m[34mSELECT "schema_migrations"."version" FROM "schema_migrations" ORDER BY "schema_migrations"."version" ASC[0m
  [1m[35m (0.4ms)[0m  [1m[34mSELECT "schema_migrations"."version" FROM "schema_migrations" ORDER BY "schema_migrations"."version" ASC[0m
  [1m[35m (0.1ms)[0m  [1m[34mSELECT pg_try_advisory_lock(5870676503668667565)[0m
  [1m[35m (0.4ms)[0m  [1m[34mSELECT "schema_migrations"."version" FROM "schema_migrations" ORDER BY "schema_migrations"."version" ASC[0m
Migrating to CreateArtists (20180328225115)
  [1m[35m (0.1ms)[0m  [1m[35mBEGIN[0m
  [1m[35m (17.2ms)[0m  [1m[35mCREATE TABLE "artists" ("id" bigserial primary key, "name" text, "image" text, "created_at" timestamp NOT NULL, "updated_at" timestamp NOT NULL)[0m
  [1m[35mSQL (0.3ms)[0m  [1m[32mINSERT INTO "schema_migrations" ("version") VALUES ($1) RETURNING "version"[0m  [["version", "20180328225115"]]
  [1m[35m (3.1ms)[0m  [1m[35mCOMMIT[0m
  [1m[36mActiveRecord::InternalMetadata Load (0.4ms)[0m  [1m[34mSELECT  "ar_internal_metadata".* FROM "ar_internal_metadata" WHERE "ar_internal_metadata"."key" = $1 LIMIT $2[0m  [["key", "environment"], ["LIMIT", 1]]
  [1m[35m (0.1ms)[0m  [1m[35mBEGIN[0m
  [1m[35m (0.1ms)[0m  [1m[35mCOMMIT[0m
  [1m[35m (0.4ms)[0m  [1m[34mSELECT pg_advisory_unlock(5870676503668667565)[0m
  [1m[35m (0.2ms)[0m  [1m[34mSELECT "schema_migrations"."version" FROM "schema_migrations" ORDER BY "schema_migrations"."version" ASC[0m
  [1m[35m (0.4ms)[0m  [1m[34mSELECT "schema_migrations"."version" FROM "schema_migrations" ORDER BY "schema_migrations"."version" ASC[0m
  [1m[35m (0.1ms)[0m  [1m[34mSELECT pg_try_advisory_lock(5870676503668667565)[0m
  [1m[35m (0.4ms)[0m  [1m[34mSELECT "schema_migrations"."version" FROM "schema_migrations" ORDER BY "schema_migrations"."version" ASC[0m
Migrating to CreateAlbums (20180328225240)
  [1m[35m (0.1ms)[0m  [1m[35mBEGIN[0m
  [1m[35m (14.5ms)[0m  [1m[35mCREATE TABLE "albums" ("id" bigserial primary key, "title" text, "image" text, "created_at" timestamp NOT NULL, "updated_at" timestamp NOT NULL)[0m
  [1m[35mSQL (0.2ms)[0m  [1m[32mINSERT INTO "schema_migrations" ("version") VALUES ($1) RETURNING "version"[0m  [["version", "20180328225240"]]
  [1m[35m (2.7ms)[0m  [1m[35mCOMMIT[0m
  [1m[36mActiveRecord::InternalMetadata Load (0.3ms)[0m  [1m[34mSELECT  "ar_internal_metadata".* FROM "ar_internal_metadata" WHERE "ar_internal_metadata"."key" = $1 LIMIT $2[0m  [["key", "environment"], ["LIMIT", 1]]
  [1m[35m (0.2ms)[0m  [1m[35mBEGIN[0m
  [1m[35m (0.1ms)[0m  [1m[35mCOMMIT[0m
  [1m[35m (0.3ms)[0m  [1m[34mSELECT pg_advisory_unlock(5870676503668667565)[0m
  [1m[35m (0.2ms)[0m  [1m[34mSELECT "schema_migrations"."version" FROM "schema_migrations" ORDER BY "schema_migrations"."version" ASC[0m
  [1m[35m (0.5ms)[0m  [1m[34mSELECT "schema_migrations"."version" FROM "schema_migrations" ORDER BY "schema_migrations"."version" ASC[0m
  [1m[35m (0.1ms)[0m  [1m[34mSELECT pg_try_advisory_lock(5870676503668667565)[0m
  [1m[35m (0.4ms)[0m  [1m[34mSELECT "schema_migrations"."version" FROM "schema_migrations" ORDER BY "schema_migrations"."version" ASC[0m
Migrating to CreateGenres (20180328225357)
  [1m[35m (0.1ms)[0m  [1m[35mBEGIN[0m
  [1m[35m (7.5ms)[0m  [1m[35mCREATE TABLE "genres" ("id" bigserial primary key, "name" text, "created_at" timestamp NOT NULL, "updated_at" timestamp NOT NULL)[0m
  [1m[35mSQL (0.2ms)[0m  [1m[32mINSERT INTO "schema_migrations" ("version") VALUES ($1) RETURNING "version"[0m  [["version", "20180328225357"]]
  [1m[35m (1.5ms)[0m  [1m[35mCOMMIT[0m
  [1m[36mActiveRecord::InternalMetadata Load (0.4ms)[0m  [1m[34mSELECT  "ar_internal_metadata".* FROM "ar_internal_metadata" WHERE "ar_internal_metadata"."key" = $1 LIMIT $2[0m  [["key", "environment"], ["LIMIT", 1]]
  [1m[35m (0.1ms)[0m  [1m[35mBEGIN[0m
  [1m[35m (0.1ms)[0m  [1m[35mCOMMIT[0m
  [1m[35m (0.3ms)[0m  [1m[34mSELECT pg_advisory_unlock(5870676503668667565)[0m
  [1m[35m (0.2ms)[0m  [1m[34mSELECT "schema_migrations"."version" FROM "schema_migrations" ORDER BY "schema_migrations"."version" ASC[0m
  [1m[35m (0.5ms)[0m  [1m[34mSELECT "schema_migrations"."version" FROM "schema_migrations" ORDER BY "schema_migrations"."version" ASC[0m
  [1m[35m (0.1ms)[0m  [1m[34mSELECT pg_try_advisory_lock(5870676503668667565)[0m
  [1m[35m (0.5ms)[0m  [1m[34mSELECT "schema_migrations"."version" FROM "schema_migrations" ORDER BY "schema_migrations"."version" ASC[0m
Migrating to CreateMixtapes (20180328225549)
  [1m[35m (0.1ms)[0m  [1m[35mBEGIN[0m
  [1m[35m (12.4ms)[0m  [1m[35mCREATE TABLE "mixtapes" ("id" bigserial primary key, "title" text, "user_id" integer, "created_at" timestamp NOT NULL, "updated_at" timestamp NOT NULL)[0m
  [1m[35mSQL (0.3ms)[0m  [1m[32mINSERT INTO "schema_migrations" ("version") VALUES ($1) RETURNING "version"[0m  [["version", "20180328225549"]]
  [1m[35m (0.9ms)[0m  [1m[35mCOMMIT[0m
  [1m[36mActiveRecord::InternalMetadata Load (0.4ms)[0m  [1m[34mSELECT  "ar_internal_metadata".* FROM "ar_internal_metadata" WHERE "ar_internal_metadata"."key" = $1 LIMIT $2[0m  [["key", "environment"], ["LIMIT", 1]]
  [1m[35m (0.1ms)[0m  [1m[35mBEGIN[0m
  [1m[35m (0.1ms)[0m  [1m[35mCOMMIT[0m
  [1m[35m (0.3ms)[0m  [1m[34mSELECT pg_advisory_unlock(5870676503668667565)[0m
  [1m[35m (0.2ms)[0m  [1m[34mSELECT "schema_migrations"."version" FROM "schema_migrations" ORDER BY "schema_migrations"."version" ASC[0m
  [1m[35m (0.3ms)[0m  [1m[34mSELECT "schema_migrations"."version" FROM "schema_migrations" ORDER BY "schema_migrations"."version" ASC[0m
  [1m[35m (0.1ms)[0m  [1m[34mSELECT pg_try_advisory_lock(5870676503668667565)[0m
  [1m[35m (0.5ms)[0m  [1m[34mSELECT "schema_migrations"."version" FROM "schema_migrations" ORDER BY "schema_migrations"."version" ASC[0m
Migrating to CreateUsers (20180328225714)
  [1m[35m (0.1ms)[0m  [1m[35mBEGIN[0m
  [1m[35m (14.2ms)[0m  [1m[35mCREATE TABLE "users" ("id" bigserial primary key, "email" text, "created_at" timestamp NOT NULL, "updated_at" timestamp NOT NULL)[0m
  [1m[35mSQL (0.4ms)[0m  [1m[32mINSERT INTO "schema_migrations" ("version") VALUES ($1) RETURNING "version"[0m  [["version", "20180328225714"]]
  [1m[35m (2.9ms)[0m  [1m[35mCOMMIT[0m
  [1m[36mActiveRecord::InternalMetadata Load (0.3ms)[0m  [1m[34mSELECT  "ar_internal_metadata".* FROM "ar_internal_metadata" WHERE "ar_internal_metadata"."key" = $1 LIMIT $2[0m  [["key", "environment"], ["LIMIT", 1]]
  [1m[35m (0.3ms)[0m  [1m[35mBEGIN[0m
  [1m[35m (0.2ms)[0m  [1m[35mCOMMIT[0m
  [1m[35m (0.3ms)[0m  [1m[34mSELECT pg_advisory_unlock(5870676503668667565)[0m
  [1m[35m (0.2ms)[0m  [1m[34mSELECT "schema_migrations"."version" FROM "schema_migrations" ORDER BY "schema_migrations"."version" ASC[0m
  [1m[35m (0.5ms)[0m  [1m[34mSELECT "schema_migrations"."version" FROM "schema_migrations" ORDER BY "schema_migrations"."version" ASC[0m
  [1m[35m (0.2ms)[0m  [1m[34mSELECT pg_try_advisory_lock(5870676503668667565)[0m
  [1m[35m (0.5ms)[0m  [1m[34mSELECT "schema_migrations"."version" FROM "schema_migrations" ORDER BY "schema_migrations"."version" ASC[0m
Migrating to CreateGenresSongs (20180328225935)
  [1m[35m (0.1ms)[0m  [1m[35mBEGIN[0m
  [1m[35m (0.8ms)[0m  [1m[35mCREATE TABLE "genres_songs" ("genre_id" integer, "song_id" integer)[0m
  [1m[35mSQL (0.2ms)[0m  [1m[32mINSERT INTO "schema_migrations" ("version") VALUES ($1) RETURNING "version"[0m  [["version", "20180328225935"]]
  [1m[35m (3.5ms)[0m  [1m[35mCOMMIT[0m
  [1m[36mActiveRecord::InternalMetadata Load (0.3ms)[0m  [1m[34mSELECT  "ar_internal_metadata".* FROM "ar_internal_metadata" WHERE "ar_internal_metadata"."key" = $1 LIMIT $2[0m  [["key", "environment"], ["LIMIT", 1]]
  [1m[35m (0.1ms)[0m  [1m[35mBEGIN[0m
  [1m[35m (0.1ms)[0m  [1m[35mCOMMIT[0m
  [1m[35m (0.1ms)[0m  [1m[34mSELECT pg_advisory_unlock(5870676503668667565)[0m
  [1m[35m (0.2ms)[0m  [1m[34mSELECT "schema_migrations"."version" FROM "schema_migrations" ORDER BY "schema_migrations"."version" ASC[0m
  [1m[35m (0.2ms)[0m  [1m[34mSELECT pg_try_advisory_lock(5870676503668667565)[0m
  [1m[35m (0.4ms)[0m  [1m[34mSELECT "schema_migrations"."version" FROM "schema_migrations" ORDER BY "schema_migrations"."version" ASC[0m
Migrating to CreateMixtapesSongs (20180328230221)
  [1m[35m (0.1ms)[0m  [1m[35mBEGIN[0m
  [1m[35m (0.5ms)[0m  [1m[35mCREATE TABLE "mixtapes_songs" ("mixtape_id" integer, "song_id" integer)[0m
  [1m[35mSQL (0.2ms)[0m  [1m[32mINSERT INTO "schema_migrations" ("version") VALUES ($1) RETURNING "version"[0m  [["version", "20180328230221"]]
  [1m[35m (3.0ms)[0m  [1m[35mCOMMIT[0m
  [1m[36mActiveRecord::InternalMetadata Load (0.2ms)[0m  [1m[34mSELECT  "ar_internal_metadata".* FROM "ar_internal_metadata" WHERE "ar_internal_metadata"."key" = $1 LIMIT $2[0m  [["key", "environment"], ["LIMIT", 1]]
  [1m[35m (0.1ms)[0m  [1m[35mBEGIN[0m
  [1m[35m (0.1ms)[0m  [1m[35mCOMMIT[0m
  [1m[35m (0.2ms)[0m  [1m[34mSELECT pg_advisory_unlock(5870676503668667565)[0m
  [1m[35m (0.3ms)[0m  [1m[34mSELECT "schema_migrations"."version" FROM "schema_migrations" ORDER BY "schema_migrations"."version" ASC[0m
  [1m[35m (0.4ms)[0m  [1m[34mSELECT "schema_migrations"."version" FROM "schema_migrations" ORDER BY "schema_migrations"."version" ASC[0m
  [1m[36mUser Load (0.3ms)[0m  [1m[34mSELECT "users".* FROM "users"[0m
  [1m[35m (0.1ms)[0m  [1m[35mBEGIN[0m
  [1m[35mSQL (0.4ms)[0m  [1m[32mINSERT INTO "users" ("email", "created_at", "updated_at") VALUES ($1, $2, $3) RETURNING "id"[0m  [["email", "craigsy@ga.co"], ["created_at", "2018-03-28 23:28:55.736896"], ["updated_at", "2018-03-28 23:28:55.736896"]]
  [1m[35m (2.5ms)[0m  [1m[35mCOMMIT[0m
  [1m[35m (0.1ms)[0m  [1m[35mBEGIN[0m
  [1m[35mSQL (0.2ms)[0m  [1m[32mINSERT INTO "users" ("email", "created_at", "updated_at") VALUES ($1, $2, $3) RETURNING "id"[0m  [["email", "jonesy@ga.co"], ["created_at", "2018-03-28 23:28:55.741412"], ["updated_at", "2018-03-28 23:28:55.741412"]]
  [1m[35m (2.4ms)[0m  [1m[35mCOMMIT[0m
  [1m[36mSong Load (0.3ms)[0m  [1m[34mSELECT "songs".* FROM "songs"[0m
  [1m[35m (0.1ms)[0m  [1m[35mBEGIN[0m
  [1m[35mSQL (0.3ms)[0m  [1m[32mINSERT INTO "songs" ("title", "created_at", "updated_at") VALUES ($1, $2, $3) RETURNING "id"[0m  [["title", "Have a Safe Trip, Dear"], ["created_at", "2018-03-28 23:28:55.761146"], ["updated_at", "2018-03-28 23:28:55.761146"]]
  [1m[35m (2.3ms)[0m  [1m[35mCOMMIT[0m
  [1m[35m (0.1ms)[0m  [1m[35mBEGIN[0m
  [1m[35mSQL (0.2ms)[0m  [1m[32mINSERT INTO "songs" ("title", "created_at", "updated_at") VALUES ($1, $2, $3) RETURNING "id"[0m  [["title", "Toxic"], ["created_at", "2018-03-28 23:28:55.765206"], ["updated_at", "2018-03-28 23:28:55.765206"]]
  [1m[35m (2.4ms)[0m  [1m[35mCOMMIT[0m
  [1m[35m (0.1ms)[0m  [1m[35mBEGIN[0m
  [1m[35mSQL (0.2ms)[0m  [1m[32mINSERT INTO "songs" ("title", "created_at", "updated_at") VALUES ($1, $2, $3) RETURNING "id"[0m  [["title", "Don't Ask Me To Dance"], ["created_at", "2018-03-28 23:28:55.769120"], ["updated_at", "2018-03-28 23:28:55.769120"]]
  [1m[35m (2.4ms)[0m  [1m[35mCOMMIT[0m
  [1m[36mAlbum Load (0.2ms)[0m  [1m[34mSELECT "albums".* FROM "albums"[0m
  [1m[35m (0.1ms)[0m  [1m[35mBEGIN[0m
  [1m[35mSQL (0.4ms)[0m  [1m[32mINSERT INTO "albums" ("title", "created_at", "updated_at") VALUES ($1, $2, $3) RETURNING "id"[0m  [["title", "Engine Takes To The Water"], ["created_at", "2018-03-28 23:28:55.781775"], ["updated_at", "2018-03-28 23:28:55.781775"]]
  [1m[35m (2.7ms)[0m  [1m[35mCOMMIT[0m
  [1m[35m (0.1ms)[0m  [1m[35mBEGIN[0m
  [1m[35mSQL (0.2ms)[0m  [1m[32mINSERT INTO "albums" ("title", "created_at", "updated_at") VALUES ($1, $2, $3) RETURNING "id"[0m  [["title", "In The Zone"], ["created_at", "2018-03-28 23:28:55.786858"], ["updated_at", "2018-03-28 23:28:55.786858"]]
  [1m[35m (2.6ms)[0m  [1m[35mCOMMIT[0m
  [1m[35m (0.1ms)[0m  [1m[35mBEGIN[0m
  [1m[35mSQL (0.2ms)[0m  [1m[32mINSERT INTO "albums" ("title", "created_at", "updated_at") VALUES ($1, $2, $3) RETURNING "id"[0m  [["title", "The Last Romance"], ["created_at", "2018-03-28 23:28:55.790978"], ["updated_at", "2018-03-28 23:28:55.790978"]]
  [1m[35m (2.4ms)[0m  [1m[35mCOMMIT[0m
  [1m[36mArtist Load (0.3ms)[0m  [1m[34mSELECT "artists".* FROM "artists"[0m
  [1m[35m (0.1ms)[0m  [1m[35mBEGIN[0m
  [1m[35mSQL (0.3ms)[0m  [1m[32mINSERT INTO "artists" ("name", "created_at", "updated_at") VALUES ($1, $2, $3) RETURNING "id"[0m  [["name", "June of 44"], ["created_at", "2018-03-28 23:28:55.803295"], ["updated_at", "2018-03-28 23:28:55.803295"]]
  [1m[35m (2.5ms)[0m  [1m[35mCOMMIT[0m
  [1m[35m (0.2ms)[0m  [1m[35mBEGIN[0m
  [1m[35mSQL (0.2ms)[0m  [1m[32mINSERT INTO "artists" ("name", "created_at", "updated_at") VALUES ($1, $2, $3) RETURNING "id"[0m  [["name", "Britney Spears"], ["created_at", "2018-03-28 23:28:55.807855"], ["updated_at", "2018-03-28 23:28:55.807855"]]
  [1m[35m (0.8ms)[0m  [1m[35mCOMMIT[0m
  [1m[35m (0.1ms)[0m  [1m[35mBEGIN[0m
  [1m[35mSQL (0.2ms)[0m  [1m[32mINSERT INTO "artists" ("name", "created_at", "updated_at") VALUES ($1, $2, $3) RETURNING "id"[0m  [["name", "Arab Strap"], ["created_at", "2018-03-28 23:28:55.810082"], ["updated_at", "2018-03-28 23:28:55.810082"]]
  [1m[35m (0.7ms)[0m  [1m[35mCOMMIT[0m
  [1m[36mGenre Load (0.3ms)[0m  [1m[34mSELECT "genres".* FROM "genres"[0m
  [1m[35m (0.1ms)[0m  [1m[35mBEGIN[0m
  [1m[35mSQL (0.4ms)[0m  [1m[32mINSERT INTO "genres" ("name", "created_at", "updated_at") VALUES ($1, $2, $3) RETURNING "id"[0m  [["name", "Nautical Text Rock"], ["created_at", "2018-03-28 23:28:55.822258"], ["updated_at", "2018-03-28 23:28:55.822258"]]
  [1m[35m (0.9ms)[0m  [1m[35mCOMMIT[0m
  [1m[35m (0.1ms)[0m  [1m[35mBEGIN[0m
  [1m[35mSQL (0.2ms)[0m  [1m[32mINSERT INTO "genres" ("name", "created_at", "updated_at") VALUES ($1, $2, $3) RETURNING "id"[0m  [["name", "Nautical Math Rock"], ["created_at", "2018-03-28 23:28:55.825076"], ["updated_at", "2018-03-28 23:28:55.825076"]]
  [1m[35m (0.7ms)[0m  [1m[35mCOMMIT[0m
  [1m[35m (0.1ms)[0m  [1m[35mBEGIN[0m
  [1m[35mSQL (0.2ms)[0m  [1m[32mINSERT INTO "genres" ("name", "created_at", "updated_at") VALUES ($1, $2, $3) RETURNING "id"[0m  [["name", "Bollywood Bubblegum Pop"], ["created_at", "2018-03-28 23:28:55.827162"], ["updated_at", "2018-03-28 23:28:55.827162"]]
  [1m[35m (0.8ms)[0m  [1m[35mCOMMIT[0m
  [1m[35m (0.1ms)[0m  [1m[35mBEGIN[0m
  [1m[35mSQL (0.2ms)[0m  [1m[32mINSERT INTO "genres" ("name", "created_at", "updated_at") VALUES ($1, $2, $3) RETURNING "id"[0m  [["name", "Folk rock"], ["created_at", "2018-03-28 23:28:55.829296"], ["updated_at", "2018-03-28 23:28:55.829296"]]
  [1m[35m (0.7ms)[0m  [1m[35mCOMMIT[0m
  [1m[35m (0.1ms)[0m  [1m[35mBEGIN[0m
  [1m[35mSQL (0.2ms)[0m  [1m[32mINSERT INTO "genres" ("name", "created_at", "updated_at") VALUES ($1, $2, $3) RETURNING "id"[0m  [["name", "Scottish Misery"], ["created_at", "2018-03-28 23:28:55.831348"], ["updated_at", "2018-03-28 23:28:55.831348"]]
  [1m[35m (0.8ms)[0m  [1m[35mCOMMIT[0m
  [1m[36mMixtape Load (0.3ms)[0m  [1m[34mSELECT "mixtapes".* FROM "mixtapes"[0m
  [1m[35m (0.1ms)[0m  [1m[35mBEGIN[0m
  [1m[35mSQL (0.4ms)[0m  [1m[32mINSERT INTO "mixtapes" ("title", "created_at", "updated_at") VALUES ($1, $2, $3) RETURNING "id"[0m  [["title", "Driving Songs"], ["created_at", "2018-03-28 23:28:55.844079"], ["updated_at", "2018-03-28 23:28:55.844079"]]
  [1m[35m (0.9ms)[0m  [1m[35mCOMMIT[0m
  [1m[35m (0.1ms)[0m  [1m[35mBEGIN[0m
  [1m[35mSQL (0.2ms)[0m  [1m[32mINSERT INTO "mixtapes" ("title", "created_at", "updated_at") VALUES ($1, $2, $3) RETURNING "id"[0m  [["title", "Makeout Music"], ["created_at", "2018-03-28 23:28:55.846978"], ["updated_at", "2018-03-28 23:28:55.846978"]]
  [1m[35m (0.8ms)[0m  [1m[35mCOMMIT[0m
  [1m[35m (0.1ms)[0m  [1m[35mBEGIN[0m
  [1m[35mSQL (0.2ms)[0m  [1m[32mINSERT INTO "mixtapes" ("title", "created_at", "updated_at") VALUES ($1, $2, $3) RETURNING "id"[0m  [["title", "Code Jams"], ["created_at", "2018-03-28 23:28:55.849100"], ["updated_at", "2018-03-28 23:28:55.849100"]]
  [1m[35m (0.7ms)[0m  [1m[35mCOMMIT[0m
  [1m[35m (0.1ms)[0m  [1m[35mBEGIN[0m
  [1m[35mSQL (0.2ms)[0m  [1m[32mINSERT INTO "mixtapes" ("title", "created_at", "updated_at") VALUES ($1, $2, $3) RETURNING "id"[0m  [["title", "Monkey Mongs"], ["created_at", "2018-03-28 23:28:55.851157"], ["updated_at", "2018-03-28 23:28:55.851157"]]
  [1m[35m (0.8ms)[0m  [1m[35mCOMMIT[0m
  [1m[35m (0.1ms)[0m  [1m[35mBEGIN[0m
  [1m[35mSQL (0.3ms)[0m  [1m[33mUPDATE "songs" SET "album_id" = $1, "updated_at" = $2 WHERE "songs"."id" = $3[0m  [["album_id", 1], ["updated_at", "2018-03-28 23:28:55.864816"], ["id", 1]]
  [1m[35m (0.8ms)[0m  [1m[35mCOMMIT[0m
  [1m[35m (0.1ms)[0m  [1m[35mBEGIN[0m
  [1m[35mSQL (0.2ms)[0m  [1m[33mUPDATE "songs" SET "album_id" = $1, "updated_at" = $2 WHERE "songs"."id" = $3[0m  [["album_id", 2], ["updated_at", "2018-03-28 23:28:55.867662"], ["id", 2]]
  [1m[35m (0.7ms)[0m  [1m[35mCOMMIT[0m
  [1m[35m (0.1ms)[0m  [1m[35mBEGIN[0m
  [1m[35mSQL (0.2ms)[0m  [1m[33mUPDATE "songs" SET "album_id" = $1, "updated_at" = $2 WHERE "songs"."id" = $3[0m  [["album_id", 3], ["updated_at", "2018-03-28 23:28:55.870037"], ["id", 3]]
  [1m[35m (0.7ms)[0m  [1m[35mCOMMIT[0m
  [1m[35m (0.1ms)[0m  [1m[35mBEGIN[0m
  [1m[35mSQL (0.2ms)[0m  [1m[33mUPDATE "songs" SET "artist_id" = $1, "updated_at" = $2 WHERE "songs"."id" = $3[0m  [["artist_id", 1], ["updated_at", "2018-03-28 23:28:55.874032"], ["id", 1]]
  [1m[35m (0.8ms)[0m  [1m[35mCOMMIT[0m
  [1m[35m (0.1ms)[0m  [1m[35mBEGIN[0m
  [1m[35mSQL (0.2ms)[0m  [1m[33mUPDATE "songs" SET "artist_id" = $1, "updated_at" = $2 WHERE "songs"."id" = $3[0m  [["artist_id", 2], ["updated_at", "2018-03-28 23:28:55.876413"], ["id", 2]]
  [1m[35m (0.7ms)[0m  [1m[35mCOMMIT[0m
  [1m[35m (0.1ms)[0m  [1m[35mBEGIN[0m
  [1m[35mSQL (0.2ms)[0m  [1m[33mUPDATE "songs" SET "artist_id" = $1, "updated_at" = $2 WHERE "songs"."id" = $3[0m  [["artist_id", 3], ["updated_at", "2018-03-28 23:28:55.878754"], ["id", 3]]
  [1m[35m (0.8ms)[0m  [1m[35mCOMMIT[0m
  [1m[35m (0.1ms)[0m  [1m[35mBEGIN[0m
  [1m[35mSQL (0.2ms)[0m  [1m[32mINSERT INTO "genres_songs" ("genre_id", "song_id") VALUES ($1, $2)[0m  [["genre_id", 1], ["song_id", 1]]
  [1m[35m (0.8ms)[0m  [1m[35mCOMMIT[0m
  [1m[35m (0.1ms)[0m  [1m[35mBEGIN[0m
  [1m[35mSQL (0.1ms)[0m  [1m[32mINSERT INTO "genres_songs" ("genre_id", "song_id") VALUES ($1, $2)[0m  [["genre_id", 2], ["song_id", 1]]
  [1m[35m (0.8ms)[0m  [1m[35mCOMMIT[0m
  [1m[35m (0.1ms)[0m  [1m[35mBEGIN[0m
  [1m[35mSQL (0.2ms)[0m  [1m[32mINSERT INTO "genres_songs" ("genre_id", "song_id") VALUES ($1, $2)[0m  [["genre_id", 3], ["song_id", 2]]
  [1m[35m (0.8ms)[0m  [1m[35mCOMMIT[0m
  [1m[35m (0.1ms)[0m  [1m[35mBEGIN[0m
  [1m[35mSQL (0.2ms)[0m  [1m[32mINSERT INTO "mixtapes_songs" ("mixtape_id", "song_id") VALUES ($1, $2)[0m  [["mixtape_id", 1], ["song_id", 1]]
  [1m[35m (0.7ms)[0m  [1m[35mCOMMIT[0m
  [1m[35m (0.1ms)[0m  [1m[35mBEGIN[0m
  [1m[35mSQL (0.2ms)[0m  [1m[32mINSERT INTO "mixtapes_songs" ("mixtape_id", "song_id") VALUES ($1, $2)[0m  [["mixtape_id", 1], ["song_id", 2]]
  [1m[35m (0.7ms)[0m  [1m[35mCOMMIT[0m
  [1m[35m (0.1ms)[0m  [1m[35mBEGIN[0m
  [1m[35mSQL (0.2ms)[0m  [1m[32mINSERT INTO "mixtapes_songs" ("mixtape_id", "song_id") VALUES ($1, $2)[0m  [["mixtape_id", 1], ["song_id", 3]]
  [1m[35m (0.8ms)[0m  [1m[35mCOMMIT[0m
  [1m[35m (0.1ms)[0m  [1m[35mBEGIN[0m
  [1m[35mSQL (0.1ms)[0m  [1m[32mINSERT INTO "mixtapes_songs" ("mixtape_id", "song_id") VALUES ($1, $2)[0m  [["mixtape_id", 1], ["song_id", 2]]
  [1m[35m (0.8ms)[0m  [1m[35mCOMMIT[0m
  [1m[35m (0.1ms)[0m  [1m[35mBEGIN[0m
  [1m[35mSQL (0.1ms)[0m  [1m[32mINSERT INTO "mixtapes_songs" ("mixtape_id", "song_id") VALUES ($1, $2)[0m  [["mixtape_id", 2], ["song_id", 2]]
  [1m[35m (0.7ms)[0m  [1m[35mCOMMIT[0m
  [1m[35m (0.1ms)[0m  [1m[35mBEGIN[0m
  [1m[35mSQL (0.1ms)[0m  [1m[32mINSERT INTO "mixtapes_songs" ("mixtape_id", "song_id") VALUES ($1, $2)[0m  [["mixtape_id", 2], ["song_id", 3]]
  [1m[35m (0.7ms)[0m  [1m[35mCOMMIT[0m
  [1m[35m (0.1ms)[0m  [1m[35mBEGIN[0m
  [1m[35mSQL (0.1ms)[0m  [1m[32mINSERT INTO "mixtapes_songs" ("mixtape_id", "song_id") VALUES ($1, $2)[0m  [["mixtape_id", 3], ["song_id", 1]]
  [1m[35m (0.8ms)[0m  [1m[35mCOMMIT[0m
  [1m[35m (0.1ms)[0m  [1m[35mBEGIN[0m
  [1m[35mSQL (0.2ms)[0m  [1m[32mINSERT INTO "mixtapes_songs" ("mixtape_id", "song_id") VALUES ($1, $2)[0m  [["mixtape_id", 3], ["song_id", 3]]
  [1m[35m (0.7ms)[0m  [1m[35mCOMMIT[0m
  [1m[35m (0.1ms)[0m  [1m[35mBEGIN[0m
  [1m[35mSQL (0.1ms)[0m  [1m[32mINSERT INTO "mixtapes_songs" ("mixtape_id", "song_id") VALUES ($1, $2)[0m  [["mixtape_id", 4], ["song_id", 2]]
  [1m[35m (0.7ms)[0m  [1m[35mCOMMIT[0m
  [1m[35m (0.1ms)[0m  [1m[35mBEGIN[0m
  [1m[35mSQL (0.1ms)[0m  [1m[32mINSERT INTO "mixtapes_songs" ("mixtape_id", "song_id") VALUES ($1, $2)[0m  [["mixtape_id", 4], ["song_id", 2]]
  [1m[35m (0.8ms)[0m  [1m[35mCOMMIT[0m
  [1m[35m (0.1ms)[0m  [1m[35mBEGIN[0m
  [1m[35mSQL (0.1ms)[0m  [1m[32mINSERT INTO "mixtapes_songs" ("mixtape_id", "song_id") VALUES ($1, $2)[0m  [["mixtape_id", 4], ["song_id", 2]]
  [1m[35m (0.7ms)[0m  [1m[35mCOMMIT[0m
  [1m[35m (0.1ms)[0m  [1m[35mBEGIN[0m
  [1m[35mSQL (0.2ms)[0m  [1m[33mUPDATE "mixtapes" SET "user_id" = $1, "updated_at" = $2 WHERE "mixtapes"."id" = $3[0m  [["user_id", 1], ["updated_at", "2018-03-28 23:28:55.941127"], ["id", 1]]
  [1m[35m (0.8ms)[0m  [1m[35mCOMMIT[0m
  [1m[35m (0.1ms)[0m  [1m[35mBEGIN[0m
  [1m[35mSQL (0.2ms)[0m  [1m[33mUPDATE "mixtapes" SET "user_id" = $1, "updated_at" = $2 WHERE "mixtapes"."id" = $3[0m  [["user_id", 1], ["updated_at", "2018-03-28 23:28:55.943531"], ["id", 2]]
  [1m[35m (2.4ms)[0m  [1m[35mCOMMIT[0m
  [1m[35m (0.1ms)[0m  [1m[35mBEGIN[0m
  [1m[35mSQL (0.2ms)[0m  [1m[33mUPDATE "mixtapes" SET "user_id" = $1, "updated_at" = $2 WHERE "mixtapes"."id" = $3[0m  [["user_id", 2], ["updated_at", "2018-03-28 23:28:55.947627"], ["id", 3]]
  [1m[35m (2.4ms)[0m  [1m[35mCOMMIT[0m
  [1m[35m (0.1ms)[0m  [1m[35mBEGIN[0m
  [1m[35mSQL (0.2ms)[0m  [1m[33mUPDATE "mixtapes" SET "user_id" = $1, "updated_at" = $2 WHERE "mixtapes"."id" = $3[0m  [["user_id", 2], ["updated_at", "2018-03-28 23:28:55.951875"], ["id", 4]]
  [1m[35m (2.5ms)[0m  [1m[35mCOMMIT[0m
  [1m[36mUser Load (0.3ms)[0m  [1m[34mSELECT  "users".* FROM "users" ORDER BY "users"."id" ASC LIMIT $1[0m  [["LIMIT", 1]]
  [1m[36mMixtape Load (0.3ms)[0m  [1m[34mSELECT "mixtapes".* FROM "mixtapes" WHERE "mixtapes"."user_id" = $1[0m  [["user_id", 1]]
  [1m[36mSong Load (0.5ms)[0m  [1m[34mSELECT  "songs".* FROM "songs" INNER JOIN "mixtapes_songs" ON "songs"."id" = "mixtapes_songs"."song_id" WHERE "mixtapes_songs"."mixtape_id" = $1 ORDER BY "songs"."id" DESC LIMIT $2[0m  [["mixtape_id", 1], ["LIMIT", 1]]
  [1m[36mArtist Load (0.2ms)[0m  [1m[34mSELECT  "artists".* FROM "artists" WHERE "artists"."id" = $1 LIMIT $2[0m  [["id", 3], ["LIMIT", 1]]
  [1m[36mAlbum Load (0.4ms)[0m  [1m[34mSELECT  "albums".* FROM "albums" ORDER BY "albums"."id" DESC LIMIT $1[0m  [["LIMIT", 1]]
  [1m[36mSong Load (0.2ms)[0m  [1m[34mSELECT "songs".* FROM "songs" WHERE "songs"."album_id" = $1[0m  [["album_id", 3]]
  [1m[36mAlbum Load (0.5ms)[0m  [1m[34mSELECT  "albums".* FROM "albums" ORDER BY "albums"."id" ASC LIMIT $1[0m  [["LIMIT", 1]]
  [1m[36mSong Load (0.3ms)[0m  [1m[34mSELECT  "songs".* FROM "songs" WHERE "songs"."album_id" = $1 ORDER BY "songs"."id" ASC LIMIT $2[0m  [["album_id", 1], ["LIMIT", 1]]
  [1m[36mGenre Load (1.1ms)[0m  [1m[34mSELECT "genres".* FROM "genres" INNER JOIN "genres_songs" ON "genres"."id" = "genres_songs"."genre_id" WHERE "genres_songs"."song_id" = $1[0m  [["song_id", 1]]
  [1m[36mAlbum Load (0.3ms)[0m  [1m[34mSELECT  "albums".* FROM "albums" ORDER BY "albums"."id" ASC LIMIT $1[0m  [["LIMIT", 1]]
  [1m[36mGenre Load (0.2ms)[0m  [1m[34mSELECT "genres".* FROM "genres" INNER JOIN "genres_songs" ON "genres"."id" = "genres_songs"."genre_id" INNER JOIN "songs" ON "genres_songs"."song_id" = "songs"."id" WHERE "songs"."album_id" = $1[0m  [["album_id", 1]]
  [1m[36mArtist Load (0.2ms)[0m  [1m[34mSELECT  "artists".* FROM "artists" ORDER BY "artists"."id" ASC LIMIT $1[0m  [["LIMIT", 1]]
  [1m[36mArtist Load (0.5ms)[0m  [1m[34mSELECT  "artists".* FROM "artists" ORDER BY "artists"."id" ASC LIMIT $1[0m  [["LIMIT", 1]]
  [1m[36mArtist Load (0.2ms)[0m  [1m[34mSELECT  "artists".* FROM "artists" ORDER BY "artists"."id" ASC LIMIT $1[0m  [["LIMIT", 1]]
  [1m[36mGenre Load (0.3ms)[0m  [1m[34mSELECT "genres".* FROM "genres" INNER JOIN "genres_songs" ON "genres"."id" = "genres_songs"."genre_id" INNER JOIN "songs" ON "genres_songs"."song_id" = "songs"."id" WHERE "songs"."artist_id" = $1[0m  [["artist_id", 1]]
  [1m[36mGenre Load (0.2ms)[0m  [1m[34mSELECT  "genres".* FROM "genres" ORDER BY "genres"."id" ASC LIMIT $1[0m  [["LIMIT", 1]]
  [1m[36mSong Load (0.3ms)[0m  [1m[34mSELECT "songs".* FROM "songs" INNER JOIN "genres_songs" ON "songs"."id" = "genres_songs"."song_id" WHERE "genres_songs"."genre_id" = $1[0m  [["genre_id", 1]]
  [1m[36mSong Load (0.5ms)[0m  [1m[34mSELECT  "songs".* FROM "songs" ORDER BY "songs"."id" ASC LIMIT $1[0m  [["LIMIT", 1]]
  [1m[36mGenre Load (0.6ms)[0m  [1m[34mSELECT "genres".* FROM "genres" INNER JOIN "genres_songs" ON "genres"."id" = "genres_songs"."genre_id" WHERE "genres_songs"."song_id" = $1[0m  [["song_id", 1]]
Started GET "/" for 127.0.0.1 at 2018-03-29 11:10:02 +1100
  [1m[35m (0.4ms)[0m  [1m[34mSELECT "schema_migrations"."version" FROM "schema_migrations" ORDER BY "schema_migrations"."version" ASC[0m
Processing by PagesController#home as HTML
  Rendering pages/home.html.erb within layouts/application
  Rendered pages/home.html.erb within layouts/application (0.9ms)
Completed 200 OK in 529ms (Views: 522.4ms | ActiveRecord: 0.0ms)


Started GET "/users/new" for 127.0.0.1 at 2018-03-29 11:17:13 +1100
  [1m[35m (0.5ms)[0m  [1m[34mSELECT "schema_migrations"."version" FROM "schema_migrations" ORDER BY "schema_migrations"."version" ASC[0m
Processing by UsersController#new as HTML
  Rendering users/new.html.erb within layouts/application
  Rendered users/new.html.erb within layouts/application (0.9ms)
Completed 200 OK in 304ms (Views: 298.4ms | ActiveRecord: 0.0ms)


  [1m[35m (0.1ms)[0m  [1m[34mSELECT pg_try_advisory_lock(5870676503668667565)[0m
  [1m[35m (0.5ms)[0m  [1m[34mSELECT "schema_migrations"."version" FROM "schema_migrations" ORDER BY "schema_migrations"."version" ASC[0m
Migrating to AddPasswordDigestToUsers (20180329003333)
  [1m[35m (0.1ms)[0m  [1m[35mBEGIN[0m
  [1m[35m (2.7ms)[0m  [1m[35mALTER TABLE "users" ADD "password_digest" character varying[0m
  [1m[35mSQL (0.2ms)[0m  [1m[32mINSERT INTO "schema_migrations" ("version") VALUES ($1) RETURNING "version"[0m  [["version", "20180329003333"]]
  [1m[35m (2.6ms)[0m  [1m[35mCOMMIT[0m
  [1m[36mActiveRecord::InternalMetadata Load (0.3ms)[0m  [1m[34mSELECT  "ar_internal_metadata".* FROM "ar_internal_metadata" WHERE "ar_internal_metadata"."key" = $1 LIMIT $2[0m  [["key", "environment"], ["LIMIT", 1]]
  [1m[35m (0.3ms)[0m  [1m[35mBEGIN[0m
  [1m[35m (0.1ms)[0m  [1m[35mCOMMIT[0m
  [1m[35m (0.2ms)[0m  [1m[34mSELECT pg_advisory_unlock(5870676503668667565)[0m
  [1m[35m (0.2ms)[0m  [1m[34mSELECT "schema_migrations"."version" FROM "schema_migrations" ORDER BY "schema_migrations"."version" ASC[0m
  [1m[35m (0.3ms)[0m  [1m[35mBEGIN[0m
  [1m[35m (0.3ms)[0m  [1m[31mROLLBACK[0m
  [1m[35m (0.1ms)[0m  [1m[35mBEGIN[0m
  [1m[35mSQL (0.4ms)[0m  [1m[32mINSERT INTO "users" ("email", "created_at", "updated_at", "password_digest") VALUES ($1, $2, $3, $4) RETURNING "id"[0m  [["email", "r@r.com"], ["created_at", "2018-03-29 00:38:41.405748"], ["updated_at", "2018-03-29 00:38:41.405748"], ["password_digest", "$2a$10$8D8xz.rCvZRHsCq4infXu.RZ8Fa2cXQshEux9RNmpWfi1MmJZImzy"]]
  [1m[35m (4.7ms)[0m  [1m[35mCOMMIT[0m
  [1m[36mUser Load (0.5ms)[0m  [1m[34mSELECT  "users".* FROM "users" ORDER BY "users"."id" DESC LIMIT $1[0m  [["LIMIT", 1]]
Started GET "/users/new" for 127.0.0.1 at 2018-03-29 11:43:51 +1100
  [1m[35m (0.4ms)[0m  [1m[34mSELECT "schema_migrations"."version" FROM "schema_migrations" ORDER BY "schema_migrations"."version" ASC[0m
Processing by UsersController#new as HTML
  Rendering users/new.html.erb within layouts/application
  Rendered users/new.html.erb within layouts/application (19.5ms)
Completed 200 OK in 226ms (Views: 207.1ms | ActiveRecord: 2.6ms)


Started GET "/users/new" for 127.0.0.1 at 2018-03-29 11:46:04 +1100
Processing by UsersController#new as HTML
  Rendering users/new.html.erb within layouts/application
  Rendered users/new.html.erb within layouts/application (0.5ms)
Completed 500 Internal Server Error in 5ms (ActiveRecord: 0.0ms)


  
SyntaxError (/mnt/storage/code/GA/classwork/08-rails/tunr/app/views/users/new.html.erb:13: syntax error, unexpected ')', expecting &. or :: or '[' or '.'
ppend=( f.submit, 'Sign Up!' );@output_buffer.safe_append='
                              ^
/mnt/storage/code/GA/classwork/08-rails/tunr/app/views/users/new.html.erb:16: syntax error, unexpected keyword_end, expecting ')'
'.freeze; end ;
             ^
/mnt/storage/code/GA/classwork/08-rails/tunr/app/views/users/new.html.erb:18: syntax error, unexpected keyword_ensure, expecting ')'
          ensure
                ^
/mnt/storage/code/GA/classwork/08-rails/tunr/app/views/users/new.html.erb:20: syntax error, unexpected keyword_end, expecting ')'
          end
             ^):
  
app/views/users/new.html.erb:13: syntax error, unexpected ')', expecting &. or :: or '[' or '.'
app/views/users/new.html.erb:16: syntax error, unexpected keyword_end, expecting ')'
app/views/users/new.html.erb:18: syntax error, unexpected keyword_ensure, expecting ')'
app/views/users/new.html.erb:20: syntax error, unexpected keyword_end, expecting ')'
Started GET "/users/new" for 127.0.0.1 at 2018-03-29 11:46:17 +1100
Processing by UsersController#new as HTML
  Rendering users/new.html.erb within layouts/application
  Rendered users/new.html.erb within layouts/application (2.1ms)
Completed 200 OK in 40ms (Views: 38.0ms | ActiveRecord: 0.0ms)


Started POST "/users" for 127.0.0.1 at 2018-03-29 11:47:22 +1100
  
AbstractController::ActionNotFound (The action 'create' could not be found for UsersController):
  
actionpack (5.1.5) lib/abstract_controller/base.rb:119:in `process'
actionview (5.1.5) lib/action_view/rendering.rb:30:in `process'
actionpack (5.1.5) lib/action_controller/metal.rb:189:in `dispatch'
actionpack (5.1.5) lib/action_controller/metal.rb:253:in `dispatch'
actionpack (5.1.5) lib/action_dispatch/routing/route_set.rb:49:in `dispatch'
actionpack (5.1.5) lib/action_dispatch/routing/route_set.rb:31:in `serve'
actionpack (5.1.5) lib/action_dispatch/journey/router.rb:50:in `block in serve'
actionpack (5.1.5) lib/action_dispatch/journey/router.rb:33:in `each'
actionpack (5.1.5) lib/action_dispatch/journey/router.rb:33:in `serve'
actionpack (5.1.5) lib/action_dispatch/routing/route_set.rb:844:in `call'
rack (2.0.4) lib/rack/etag.rb:25:in `call'
rack (2.0.4) lib/rack/conditional_get.rb:38:in `call'
rack (2.0.4) lib/rack/head.rb:12:in `call'
rack (2.0.4) lib/rack/session/abstract/id.rb:232:in `context'
rack (2.0.4) lib/rack/session/abstract/id.rb:226:in `call'
actionpack (5.1.5) lib/action_dispatch/middleware/cookies.rb:613:in `call'
activerecord (5.1.5) lib/active_record/migration.rb:556:in `call'
actionpack (5.1.5) lib/action_dispatch/middleware/callbacks.rb:26:in `block in call'
activesupport (5.1.5) lib/active_support/callbacks.rb:97:in `run_callbacks'
actionpack (5.1.5) lib/action_dispatch/middleware/callbacks.rb:24:in `call'
actionpack (5.1.5) lib/action_dispatch/middleware/executor.rb:12:in `call'
actionpack (5.1.5) lib/action_dispatch/middleware/debug_exceptions.rb:59:in `call'
web-console (3.5.1) lib/web_console/middleware.rb:135:in `call_app'
web-console (3.5.1) lib/web_console/middleware.rb:28:in `block in call'
web-console (3.5.1) lib/web_console/middleware.rb:18:in `catch'
web-console (3.5.1) lib/web_console/middleware.rb:18:in `call'
actionpack (5.1.5) lib/action_dispatch/middleware/show_exceptions.rb:31:in `call'
railties (5.1.5) lib/rails/rack/logger.rb:36:in `call_app'
railties (5.1.5) lib/rails/rack/logger.rb:24:in `block in call'
activesupport (5.1.5) lib/active_support/tagged_logging.rb:69:in `block in tagged'
activesupport (5.1.5) lib/active_support/tagged_logging.rb:26:in `tagged'
activesupport (5.1.5) lib/active_support/tagged_logging.rb:69:in `tagged'
railties (5.1.5) lib/rails/rack/logger.rb:24:in `call'
sprockets-rails (3.2.1) lib/sprockets/rails/quiet_assets.rb:13:in `call'
actionpack (5.1.5) lib/action_dispatch/middleware/remote_ip.rb:79:in `call'
actionpack (5.1.5) lib/action_dispatch/middleware/request_id.rb:25:in `call'
rack (2.0.4) lib/rack/method_override.rb:22:in `call'
rack (2.0.4) lib/rack/runtime.rb:22:in `call'
activesupport (5.1.5) lib/active_support/cache/strategy/local_cache_middleware.rb:27:in `call'
actionpack (5.1.5) lib/action_dispatch/middleware/executor.rb:12:in `call'
actionpack (5.1.5) lib/action_dispatch/middleware/static.rb:125:in `call'
rack (2.0.4) lib/rack/sendfile.rb:111:in `call'
railties (5.1.5) lib/rails/engine.rb:522:in `call'
puma (3.11.3) lib/puma/configuration.rb:225:in `call'
puma (3.11.3) lib/puma/server.rb:624:in `handle_request'
puma (3.11.3) lib/puma/server.rb:438:in `process_client'
puma (3.11.3) lib/puma/server.rb:302:in `block in run'
puma (3.11.3) lib/puma/thread_pool.rb:120:in `block in spawn_thread'
Started POST "/users" for 127.0.0.1 at 2018-03-29 11:50:21 +1100
Processing by UsersController#create as HTML
  Parameters: {"utf8"=>"✓", "authenticity_token"=>"7+R0YH9Py2ojPnWiSyY51cqT9/0ESLlxSS42QoO9uiMzdG/ZLUlh9jnSaKTUOceSbd/4iiPa3KAj4IRf0nuIkQ==", "user"=>{"email"=>"rob.adam.h@gmail.com", "password"=>"[FILTERED]", "password_confirmation"=>"[FILTERED]"}, "commit"=>"Sign Up!"}
  [1m[35m (0.2ms)[0m  [1m[35mBEGIN[0m
  [1m[35m (0.1ms)[0m  [1m[31mROLLBACK[0m
Redirected to http://localhost:3000/
Completed 302 Found in 75ms (ActiveRecord: 0.3ms)


Started GET "/" for 127.0.0.1 at 2018-03-29 11:50:31 +1100
Processing by PagesController#home as HTML
  Rendering pages/home.html.erb within layouts/application
  Rendered pages/home.html.erb within layouts/application (0.4ms)
Completed 200 OK in 26ms (Views: 24.9ms | ActiveRecord: 0.0ms)


Started POST "/users" for 127.0.0.1 at 2018-03-29 11:50:44 +1100
Processing by UsersController#create as HTML
  Parameters: {"utf8"=>"✓", "authenticity_token"=>"7+R0YH9Py2ojPnWiSyY51cqT9/0ESLlxSS42QoO9uiMzdG/ZLUlh9jnSaKTUOceSbd/4iiPa3KAj4IRf0nuIkQ==", "user"=>{"email"=>"rob.adam.h@gmail.com", "password"=>"[FILTERED]", "password_confirmation"=>"[FILTERED]"}, "commit"=>"Sign Up!"}
  [1m[35m (0.2ms)[0m  [1m[35mBEGIN[0m
  [1m[35mSQL (0.5ms)[0m  [1m[32mINSERT INTO "users" ("email", "created_at", "updated_at", "password_digest") VALUES ($1, $2, $3, $4) RETURNING "id"[0m  [["email", "rob.adam.h@gmail.com"], ["created_at", "2018-03-29 00:50:44.592340"], ["updated_at", "2018-03-29 00:50:44.592340"], ["password_digest", "$2a$10$xuWDrGJZuQnjObTLfGzLxeQhKf8RF2B2gYQdW2ptLdps5auS.8okC"]]
  [1m[35m (3.0ms)[0m  [1m[35mCOMMIT[0m
Redirected to http://localhost:3000/
Completed 302 Found in 73ms (ActiveRecord: 3.7ms)


Started GET "/" for 127.0.0.1 at 2018-03-29 11:50:44 +1100
Processing by PagesController#home as HTML
  Rendering pages/home.html.erb within layouts/application
  Rendered pages/home.html.erb within layouts/application (0.8ms)
Completed 200 OK in 30ms (Views: 27.9ms | ActiveRecord: 0.0ms)


  [1m[36mUser Load (0.3ms)[0m  [1m[34mSELECT  "users".* FROM "users" ORDER BY "users"."id" DESC LIMIT $1[0m  [["LIMIT", 1]]
Started POST "/users" for 127.0.0.1 at 2018-03-29 11:53:21 +1100
Processing by UsersController#create as HTML
  Parameters: {"utf8"=>"✓", "authenticity_token"=>"7+R0YH9Py2ojPnWiSyY51cqT9/0ESLlxSS42QoO9uiMzdG/ZLUlh9jnSaKTUOceSbd/4iiPa3KAj4IRf0nuIkQ==", "user"=>{"email"=>"test@tes.cd", "password"=>"[FILTERED]", "password_confirmation"=>"[FILTERED]"}, "commit"=>"Sign Up!"}
  [1m[35m (0.1ms)[0m  [1m[35mBEGIN[0m
  [1m[35m (0.1ms)[0m  [1m[31mROLLBACK[0m
Redirected to http://localhost:3000/
Completed 302 Found in 68ms (ActiveRecord: 0.3ms)


Started GET "/" for 127.0.0.1 at 2018-03-29 11:53:21 +1100
Processing by PagesController#home as HTML
  Rendering pages/home.html.erb within layouts/application
  Rendered pages/home.html.erb within layouts/application (0.3ms)
Completed 200 OK in 39ms (Views: 37.7ms | ActiveRecord: 0.0ms)


  [1m[36mUser Load (0.3ms)[0m  [1m[34mSELECT  "users".* FROM "users" ORDER BY "users"."id" DESC LIMIT $1[0m  [["LIMIT", 1]]
Started POST "/users" for 127.0.0.1 at 2018-03-29 11:57:08 +1100
Processing by UsersController#create as HTML
  Parameters: {"utf8"=>"✓", "authenticity_token"=>"7+R0YH9Py2ojPnWiSyY51cqT9/0ESLlxSS42QoO9uiMzdG/ZLUlh9jnSaKTUOceSbd/4iiPa3KAj4IRf0nuIkQ==", "user"=>{"email"=>"test@tes.cd", "password"=>"[FILTERED]", "password_confirmation"=>"[FILTERED]"}, "commit"=>"Sign Up!"}
  [1m[35m (0.1ms)[0m  [1m[35mBEGIN[0m
  [1m[35m (0.1ms)[0m  [1m[31mROLLBACK[0m
  Rendering users/new.html.erb within layouts/application
  Rendered users/new.html.erb within layouts/application (1.5ms)
Completed 200 OK in 112ms (Views: 31.6ms | ActiveRecord: 0.2ms)


Started GET "/users/new" for 127.0.0.1 at 2018-03-29 11:59:30 +1100
Processing by UsersController#new as HTML
  Rendering users/new.html.erb within layouts/application
  Rendered users/new.html.erb within layouts/application (2.6ms)
Completed 200 OK in 43ms (Views: 31.6ms | ActiveRecord: 0.0ms)


Started POST "/users" for 127.0.0.1 at 2018-03-29 11:59:38 +1100
Processing by UsersController#create as HTML
  Parameters: {"utf8"=>"✓", "authenticity_token"=>"mfPoAuoQuizw4vfaaD+hd9PbLgF10XPSpG+M5Sh20QhFY/O7uBYQsOoO6tz3IF8wdJchdlJDFgPOoT74ebDjug==", "user"=>{"email"=>"test@tes.cd", "password"=>"[FILTERED]", "password_confirmation"=>"[FILTERED]"}, "commit"=>"Sign Up!"}
  [1m[35m (0.2ms)[0m  [1m[35mBEGIN[0m
  [1m[35m (0.2ms)[0m  [1m[31mROLLBACK[0m
  Rendering users/new.html.erb within layouts/application
  Rendered users/new.html.erb within layouts/application (1.6ms)
Completed 200 OK in 108ms (Views: 38.3ms | ActiveRecord: 0.4ms)


Started POST "/users" for 127.0.0.1 at 2018-03-29 12:01:34 +1100
Processing by UsersController#create as HTML
  Parameters: {"utf8"=>"✓", "authenticity_token"=>"G3qT2BbLnswrWqsk4K6U7HF8rIxIrx9iTeEW2qWjYgzH6ohhRM00UDG2tiJ/sWqr1jCj+289erMnL6TH9GVQvg==", "user"=>{"email"=>"test@tes.cd", "password"=>"[FILTERED]", "password_confirmation"=>"[FILTERED]"}, "commit"=>"Sign Up!"}
  [1m[35m (0.1ms)[0m  [1m[35mBEGIN[0m
  [1m[35m (0.1ms)[0m  [1m[31mROLLBACK[0m
  Rendering users/new.html.erb within layouts/application
  Rendered users/new.html.erb within layouts/application (1.0ms)
Completed 500 Internal Server Error in 73ms (ActiveRecord: 0.2ms)


  
SyntaxError (/mnt/storage/code/GA/classwork/08-rails/tunr/app/views/users/new.html.erb:25: syntax error, unexpected keyword_ensure, expecting keyword_end
          ensure
                ^
/mnt/storage/code/GA/classwork/08-rails/tunr/app/views/users/new.html.erb:27: syntax error, unexpected end-of-input, expecting keyword_end):
  
app/views/users/new.html.erb:25: syntax error, unexpected keyword_ensure, expecting keyword_end
app/views/users/new.html.erb:27: syntax error, unexpected end-of-input, expecting keyword_end
app/controllers/users_controller.rb:13:in `create'
Started POST "/users" for 127.0.0.1 at 2018-03-29 12:02:05 +1100
Processing by UsersController#create as HTML
  Parameters: {"utf8"=>"✓", "authenticity_token"=>"G3qT2BbLnswrWqsk4K6U7HF8rIxIrx9iTeEW2qWjYgzH6ohhRM00UDG2tiJ/sWqr1jCj+289erMnL6TH9GVQvg==", "user"=>{"email"=>"test@tes.cd", "password"=>"[FILTERED]", "password_confirmation"=>"[FILTERED]"}, "commit"=>"Sign Up!"}
  [1m[35m (0.1ms)[0m  [1m[35mBEGIN[0m
  [1m[35m (0.3ms)[0m  [1m[31mROLLBACK[0m
  Rendering users/new.html.erb within layouts/application
  Rendered users/new.html.erb within layouts/application (3.2ms)
Completed 500 Internal Server Error in 75ms (ActiveRecord: 0.4ms)


  
ActionView::Template::Error (undefined method `errors' for nil:NilClass):
    2: 
    3: <% if @user.errors.any? %>
    4:     <ol>
    5:         <% @users.errors.full_messages.each do |msg| %>
    6:         <li><%= msg.capitalize %></li>
    7:             <% end %>
    8:     </ol>
  
app/views/users/new.html.erb:5:in `_app_views_users_new_html_erb__1933565329596543857_69949784656000'
app/controllers/users_controller.rb:13:in `create'
Started POST "/users" for 127.0.0.1 at 2018-03-29 12:02:22 +1100
Processing by UsersController#create as HTML
  Parameters: {"utf8"=>"✓", "authenticity_token"=>"G3qT2BbLnswrWqsk4K6U7HF8rIxIrx9iTeEW2qWjYgzH6ohhRM00UDG2tiJ/sWqr1jCj+289erMnL6TH9GVQvg==", "user"=>{"email"=>"test@tes.cd", "password"=>"[FILTERED]", "password_confirmation"=>"[FILTERED]"}, "commit"=>"Sign Up!"}
  [1m[35m (0.1ms)[0m  [1m[35mBEGIN[0m
  [1m[35m (0.1ms)[0m  [1m[31mROLLBACK[0m
  Rendering users/new.html.erb within layouts/application
  Rendered users/new.html.erb within layouts/application (14.0ms)
Completed 200 OK in 121ms (Views: 48.7ms | ActiveRecord: 0.2ms)


Started POST "/users" for 127.0.0.1 at 2018-03-29 12:02:29 +1100
Processing by UsersController#create as HTML
  Parameters: {"utf8"=>"✓", "authenticity_token"=>"3B2e1f19Txj9/yBVXaBIopty9cqMmKg3DkCYHnAFSQYAjYVsr3vlhOcTPVPCv7blPD76vasKzeZkjioDIcN7tA==", "user"=>{"email"=>"test@tes.cd", "password"=>"[FILTERED]", "password_confirmation"=>"[FILTERED]"}, "commit"=>"Sign Up!"}
  [1m[35m (0.1ms)[0m  [1m[35mBEGIN[0m
  [1m[35m (0.1ms)[0m  [1m[31mROLLBACK[0m
  Rendering users/new.html.erb within layouts/application
  Rendered users/new.html.erb within layouts/application (1.8ms)
Completed 200 OK in 33ms (Views: 30.3ms | ActiveRecord: 0.2ms)


Started POST "/users" for 127.0.0.1 at 2018-03-29 12:02:54 +1100
Processing by UsersController#create as HTML
  Parameters: {"utf8"=>"✓", "authenticity_token"=>"ajY41etOruANAJaCWNy9njE2emhtFExsxYAgkVUAE5+2piNsuUgEfBfsi4THw0PZlnp1H0qGKb2vTpKMBMYhLQ==", "user"=>{"email"=>"", "password"=>"[FILTERED]", "password_confirmation"=>"[FILTERED]"}, "commit"=>"Sign Up!"}
  [1m[35m (0.1ms)[0m  [1m[35mBEGIN[0m
  [1m[35mSQL (0.4ms)[0m  [1m[32mINSERT INTO "users" ("email", "created_at", "updated_at", "password_digest") VALUES ($1, $2, $3, $4) RETURNING "id"[0m  [["email", ""], ["created_at", "2018-03-29 01:02:54.936918"], ["updated_at", "2018-03-29 01:02:54.936918"], ["password_digest", "$2a$10$Sxgumkcws1AIyfUgvedpaeeQPbM5A5WfMTxjapz0/8B9/UUkU4xNG"]]
  [1m[35m (3.1ms)[0m  [1m[35mCOMMIT[0m
Redirected to http://localhost:3000/
Completed 302 Found in 75ms (ActiveRecord: 3.6ms)


Started GET "/" for 127.0.0.1 at 2018-03-29 12:02:54 +1100
Processing by PagesController#home as HTML
  Rendering pages/home.html.erb within layouts/application
  Rendered pages/home.html.erb within layouts/application (0.4ms)
Completed 200 OK in 29ms (Views: 27.3ms | ActiveRecord: 0.0ms)


Started GET "/users" for 127.0.0.1 at 2018-03-29 12:05:40 +1100
  
ActionController::RoutingError (No route matches [GET] "/users"):
  
actionpack (5.1.5) lib/action_dispatch/middleware/debug_exceptions.rb:63:in `call'
web-console (3.5.1) lib/web_console/middleware.rb:135:in `call_app'
web-console (3.5.1) lib/web_console/middleware.rb:28:in `block in call'
web-console (3.5.1) lib/web_console/middleware.rb:18:in `catch'
web-console (3.5.1) lib/web_console/middleware.rb:18:in `call'
actionpack (5.1.5) lib/action_dispatch/middleware/show_exceptions.rb:31:in `call'
railties (5.1.5) lib/rails/rack/logger.rb:36:in `call_app'
railties (5.1.5) lib/rails/rack/logger.rb:24:in `block in call'
activesupport (5.1.5) lib/active_support/tagged_logging.rb:69:in `block in tagged'
activesupport (5.1.5) lib/active_support/tagged_logging.rb:26:in `tagged'
activesupport (5.1.5) lib/active_support/tagged_logging.rb:69:in `tagged'
railties (5.1.5) lib/rails/rack/logger.rb:24:in `call'
sprockets-rails (3.2.1) lib/sprockets/rails/quiet_assets.rb:13:in `call'
actionpack (5.1.5) lib/action_dispatch/middleware/remote_ip.rb:79:in `call'
actionpack (5.1.5) lib/action_dispatch/middleware/request_id.rb:25:in `call'
rack (2.0.4) lib/rack/method_override.rb:22:in `call'
rack (2.0.4) lib/rack/runtime.rb:22:in `call'
activesupport (5.1.5) lib/active_support/cache/strategy/local_cache_middleware.rb:27:in `call'
actionpack (5.1.5) lib/action_dispatch/middleware/executor.rb:12:in `call'
actionpack (5.1.5) lib/action_dispatch/middleware/static.rb:125:in `call'
rack (2.0.4) lib/rack/sendfile.rb:111:in `call'
railties (5.1.5) lib/rails/engine.rb:522:in `call'
puma (3.11.3) lib/puma/configuration.rb:225:in `call'
puma (3.11.3) lib/puma/server.rb:624:in `handle_request'
puma (3.11.3) lib/puma/server.rb:438:in `process_client'
puma (3.11.3) lib/puma/server.rb:302:in `block in run'
puma (3.11.3) lib/puma/thread_pool.rb:120:in `block in spawn_thread'
Started GET "/users/new" for 127.0.0.1 at 2018-03-29 12:05:45 +1100
Processing by UsersController#new as HTML
  Rendering users/new.html.erb within layouts/application
  Rendered users/new.html.erb within layouts/application (3.0ms)
Completed 200 OK in 48ms (Views: 38.3ms | ActiveRecord: 0.0ms)


Started POST "/users" for 127.0.0.1 at 2018-03-29 12:05:49 +1100
Processing by UsersController#create as HTML
  Parameters: {"utf8"=>"✓", "authenticity_token"=>"S/XdRjzhbaZdIzaknJ012sV2MBGXjAIyXO+vHLIPj6+XZcb/bufHOkfPK6IDgsudYjo/ZrAeZ+M2IR0B48m9HQ==", "user"=>{"email"=>"", "password"=>"[FILTERED]", "password_confirmation"=>"[FILTERED]"}, "commit"=>"Sign Up!"}
  [1m[35m (0.1ms)[0m  [1m[35mBEGIN[0m
  [1m[35m (0.1ms)[0m  [1m[31mROLLBACK[0m
  Rendering users/new.html.erb within layouts/application
  Rendered users/new.html.erb within layouts/application (3.0ms)
Completed 200 OK in 98ms (Views: 30.3ms | ActiveRecord: 0.3ms)


Started POST "/users" for 127.0.0.1 at 2018-03-29 12:08:52 +1100
Processing by UsersController#create as HTML
  Parameters: {"utf8"=>"✓", "authenticity_token"=>"chIM6lEmG55YiVAWT3K/H3/y2zgNzVKyy+EFKjk4jrmughdTAyCxAkJlTRDQbUFY2L7UTypfN2OhL7c3aP68Cw==", "user"=>{"email"=>"rob.adam.h@gmail.com", "password"=>"[FILTERED]", "password_confirmation"=>"[FILTERED]"}, "commit"=>"Sign Up!"}
  [1m[35m (0.1ms)[0m  [1m[35mBEGIN[0m
  [1m[35mSQL (0.2ms)[0m  [1m[32mINSERT INTO "users" ("email", "created_at", "updated_at", "password_digest") VALUES ($1, $2, $3, $4) RETURNING "id"[0m  [["email", "rob.adam.h@gmail.com"], ["created_at", "2018-03-29 01:08:52.378037"], ["updated_at", "2018-03-29 01:08:52.378037"], ["password_digest", "$2a$10$v.RTHDGYrTmZRaOoD4dh2.iR90FGSaKgipymMZOnd6AF.KCHoi9ee"]]
  [1m[35m (2.5ms)[0m  [1m[35mCOMMIT[0m
Redirected to http://localhost:3000/
Completed 302 Found in 73ms (ActiveRecord: 2.8ms)


Started GET "/" for 127.0.0.1 at 2018-03-29 12:08:52 +1100
Processing by PagesController#home as HTML
  Rendering pages/home.html.erb within layouts/application
  Rendered pages/home.html.erb within layouts/application (0.4ms)
Completed 200 OK in 31ms (Views: 26.6ms | ActiveRecord: 0.0ms)


Started GET "/users" for 127.0.0.1 at 2018-03-29 12:10:01 +1100
  
ActionController::RoutingError (No route matches [GET] "/users"):
  
actionpack (5.1.5) lib/action_dispatch/middleware/debug_exceptions.rb:63:in `call'
web-console (3.5.1) lib/web_console/middleware.rb:135:in `call_app'
web-console (3.5.1) lib/web_console/middleware.rb:28:in `block in call'
web-console (3.5.1) lib/web_console/middleware.rb:18:in `catch'
web-console (3.5.1) lib/web_console/middleware.rb:18:in `call'
actionpack (5.1.5) lib/action_dispatch/middleware/show_exceptions.rb:31:in `call'
railties (5.1.5) lib/rails/rack/logger.rb:36:in `call_app'
railties (5.1.5) lib/rails/rack/logger.rb:24:in `block in call'
activesupport (5.1.5) lib/active_support/tagged_logging.rb:69:in `block in tagged'
activesupport (5.1.5) lib/active_support/tagged_logging.rb:26:in `tagged'
activesupport (5.1.5) lib/active_support/tagged_logging.rb:69:in `tagged'
railties (5.1.5) lib/rails/rack/logger.rb:24:in `call'
sprockets-rails (3.2.1) lib/sprockets/rails/quiet_assets.rb:13:in `call'
actionpack (5.1.5) lib/action_dispatch/middleware/remote_ip.rb:79:in `call'
actionpack (5.1.5) lib/action_dispatch/middleware/request_id.rb:25:in `call'
rack (2.0.4) lib/rack/method_override.rb:22:in `call'
rack (2.0.4) lib/rack/runtime.rb:22:in `call'
activesupport (5.1.5) lib/active_support/cache/strategy/local_cache_middleware.rb:27:in `call'
actionpack (5.1.5) lib/action_dispatch/middleware/executor.rb:12:in `call'
actionpack (5.1.5) lib/action_dispatch/middleware/static.rb:125:in `call'
rack (2.0.4) lib/rack/sendfile.rb:111:in `call'
railties (5.1.5) lib/rails/engine.rb:522:in `call'
puma (3.11.3) lib/puma/configuration.rb:225:in `call'
puma (3.11.3) lib/puma/server.rb:624:in `handle_request'
puma (3.11.3) lib/puma/server.rb:438:in `process_client'
puma (3.11.3) lib/puma/server.rb:302:in `block in run'
puma (3.11.3) lib/puma/thread_pool.rb:120:in `block in spawn_thread'
Started POST "/users" for 127.0.0.1 at 2018-03-29 12:10:07 +1100
Processing by UsersController#create as HTML
  Parameters: {"utf8"=>"✓", "authenticity_token"=>"S/XdRjzhbaZdIzaknJ012sV2MBGXjAIyXO+vHLIPj6+XZcb/bufHOkfPK6IDgsudYjo/ZrAeZ+M2IR0B48m9HQ==", "user"=>{"email"=>"rob.adam.h@gmail.com", "password"=>"[FILTERED]", "password_confirmation"=>"[FILTERED]"}, "commit"=>"Sign Up!"}
  [1m[35m (0.1ms)[0m  [1m[35mBEGIN[0m
  [1m[36mUser Exists (0.3ms)[0m  [1m[34mSELECT  1 AS one FROM "users" WHERE "users"."email" = $1 LIMIT $2[0m  [["email", "rob.adam.h@gmail.com"], ["LIMIT", 1]]
  [1m[35m (0.2ms)[0m  [1m[31mROLLBACK[0m
  Rendering users/new.html.erb within layouts/application
  Rendered users/new.html.erb within layouts/application (3.4ms)
Completed 200 OK in 118ms (Views: 32.0ms | ActiveRecord: 0.6ms)


Started GET "/users" for 127.0.0.1 at 2018-03-29 12:12:44 +1100
  
ActionController::RoutingError (No route matches [GET] "/users"):
  
actionpack (5.1.5) lib/action_dispatch/middleware/debug_exceptions.rb:63:in `call'
web-console (3.5.1) lib/web_console/middleware.rb:135:in `call_app'
web-console (3.5.1) lib/web_console/middleware.rb:28:in `block in call'
web-console (3.5.1) lib/web_console/middleware.rb:18:in `catch'
web-console (3.5.1) lib/web_console/middleware.rb:18:in `call'
actionpack (5.1.5) lib/action_dispatch/middleware/show_exceptions.rb:31:in `call'
railties (5.1.5) lib/rails/rack/logger.rb:36:in `call_app'
railties (5.1.5) lib/rails/rack/logger.rb:24:in `block in call'
activesupport (5.1.5) lib/active_support/tagged_logging.rb:69:in `block in tagged'
activesupport (5.1.5) lib/active_support/tagged_logging.rb:26:in `tagged'
activesupport (5.1.5) lib/active_support/tagged_logging.rb:69:in `tagged'
railties (5.1.5) lib/rails/rack/logger.rb:24:in `call'
sprockets-rails (3.2.1) lib/sprockets/rails/quiet_assets.rb:13:in `call'
actionpack (5.1.5) lib/action_dispatch/middleware/remote_ip.rb:79:in `call'
actionpack (5.1.5) lib/action_dispatch/middleware/request_id.rb:25:in `call'
rack (2.0.4) lib/rack/method_override.rb:22:in `call'
rack (2.0.4) lib/rack/runtime.rb:22:in `call'
activesupport (5.1.5) lib/active_support/cache/strategy/local_cache_middleware.rb:27:in `call'
actionpack (5.1.5) lib/action_dispatch/middleware/executor.rb:12:in `call'
actionpack (5.1.5) lib/action_dispatch/middleware/static.rb:125:in `call'
rack (2.0.4) lib/rack/sendfile.rb:111:in `call'
railties (5.1.5) lib/rails/engine.rb:522:in `call'
puma (3.11.3) lib/puma/configuration.rb:225:in `call'
puma (3.11.3) lib/puma/server.rb:624:in `handle_request'
puma (3.11.3) lib/puma/server.rb:438:in `process_client'
puma (3.11.3) lib/puma/server.rb:302:in `block in run'
puma (3.11.3) lib/puma/thread_pool.rb:120:in `block in spawn_thread'
Started GET "/" for 127.0.0.1 at 2018-03-29 12:12:49 +1100
Processing by PagesController#home as HTML
  Rendering pages/home.html.erb within layouts/application
  Rendered pages/home.html.erb within layouts/application (0.3ms)
Completed 200 OK in 29ms (Views: 27.0ms | ActiveRecord: 0.0ms)


Started GET "/" for 127.0.0.1 at 2018-03-29 12:12:50 +1100
Processing by PagesController#home as HTML
  Rendering pages/home.html.erb within layouts/application
  Rendered pages/home.html.erb within layouts/application (0.4ms)
Completed 200 OK in 36ms (Views: 33.5ms | ActiveRecord: 0.0ms)


Started GET "/users/new" for 127.0.0.1 at 2018-03-29 12:12:51 +1100
Processing by UsersController#new as HTML
  Rendering users/new.html.erb within layouts/application
  Rendered users/new.html.erb within layouts/application (5.0ms)
Completed 200 OK in 51ms (Views: 48.5ms | ActiveRecord: 0.0ms)


Started GET "/users/new" for 127.0.0.1 at 2018-03-29 12:24:40 +1100
  [1m[35m (0.5ms)[0m  [1m[34mSELECT "schema_migrations"."version" FROM "schema_migrations" ORDER BY "schema_migrations"."version" ASC[0m
Processing by UsersController#new as HTML
  Rendering users/new.html.erb within layouts/application
  Rendered users/new.html.erb within layouts/application (13.2ms)
Completed 200 OK in 367ms (Views: 344.1ms | ActiveRecord: 3.8ms)


Started GET "/users/new" for 127.0.0.1 at 2018-03-29 12:24:41 +1100
Processing by UsersController#new as HTML
  Rendering users/new.html.erb within layouts/application
  Rendered users/new.html.erb within layouts/application (3.5ms)
Completed 200 OK in 36ms (Views: 34.6ms | ActiveRecord: 0.0ms)


Started GET "/users/new" for 127.0.0.1 at 2018-03-29 12:25:17 +1100
Processing by UsersController#new as HTML
  Rendering users/new.html.erb within layouts/application
  Rendered users/new.html.erb within layouts/application (2.3ms)
Completed 200 OK in 35ms (Views: 32.2ms | ActiveRecord: 0.0ms)


Started GET "/login" for 127.0.0.1 at 2018-03-29 12:25:19 +1100
Processing by SessionController#new as HTML
  Rendering session/new.html.erb within layouts/application
  Rendered session/new.html.erb within layouts/application (1.5ms)
Completed 200 OK in 45ms (Views: 42.8ms | ActiveRecord: 0.0ms)


Started POST "/login" for 127.0.0.1 at 2018-03-29 12:30:54 +1100
Processing by SessionController#create as HTML
  Parameters: {"utf8"=>"✓", "authenticity_token"=>"LwndImKPd1RGs5ldnusGETMshapEMlanh+4dmUKqKeZFewXVM4uvF2Ogk1K5CgSednb1M8IkSpbBwOgX8zFbfQ==", "email"=>"rob.adam.h@gmail.com", "password"=>"[FILTERED]", "commit"=>"Log In"}
  [1m[36mUser Load (0.3ms)[0m  [1m[34mSELECT  "users".* FROM "users" WHERE "users"."email" = $1 LIMIT $2[0m  [["email", "rob.adam.h@gmail.com"], ["LIMIT", 1]]
Redirected to http://localhost:3000/login
Completed 302 Found in 87ms (ActiveRecord: 4.2ms)


Started GET "/login" for 127.0.0.1 at 2018-03-29 12:30:54 +1100
Processing by SessionController#new as HTML
  Rendering session/new.html.erb within layouts/application
  Rendered session/new.html.erb within layouts/application (1.1ms)
Completed 200 OK in 48ms (Views: 46.1ms | ActiveRecord: 0.0ms)


Started GET "/users/new" for 127.0.0.1 at 2018-03-29 12:31:03 +1100
Processing by UsersController#new as HTML
  Rendering users/new.html.erb within layouts/application
  Rendered users/new.html.erb within layouts/application (4.1ms)
Completed 200 OK in 61ms (Views: 59.0ms | ActiveRecord: 0.0ms)


Started POST "/users" for 127.0.0.1 at 2018-03-29 12:31:20 +1100
Processing by UsersController#create as HTML
  Parameters: {"utf8"=>"✓", "authenticity_token"=>"4aHPvUud9AEBF/rQODHmIE+D6shIiV+FhwE3lbt9ltfpOuDGg40/YLxCo2xmdl5fEpicfG0BO/JVn+dypgycUA==", "user"=>{"email"=>"test@test.com", "password"=>"[FILTERED]", "password_confirmation"=>"[FILTERED]"}, "commit"=>"Sign Up!"}
  [1m[35m (0.1ms)[0m  [1m[35mBEGIN[0m
  [1m[36mUser Exists (0.2ms)[0m  [1m[34mSELECT  1 AS one FROM "users" WHERE "users"."email" = $1 LIMIT $2[0m  [["email", "test@test.com"], ["LIMIT", 1]]
  [1m[35mSQL (0.2ms)[0m  [1m[32mINSERT INTO "users" ("email", "created_at", "updated_at", "password_digest") VALUES ($1, $2, $3, $4) RETURNING "id"[0m  [["email", "test@test.com"], ["created_at", "2018-03-29 01:31:20.717345"], ["updated_at", "2018-03-29 01:31:20.717345"], ["password_digest", "$2a$10$cLoLNWMAbsi3gu4GzF124.qQ2Yv08Ta.zhLXfJWBFZAcJ02Cxynha"]]
  [1m[35m (0.8ms)[0m  [1m[35mCOMMIT[0m
Redirected to http://localhost:3000/
Completed 302 Found in 73ms (ActiveRecord: 1.4ms)


Started GET "/" for 127.0.0.1 at 2018-03-29 12:31:20 +1100
Processing by PagesController#home as HTML
  Rendering pages/home.html.erb within layouts/application
  Rendered pages/home.html.erb within layouts/application (0.3ms)
Completed 200 OK in 44ms (Views: 41.3ms | ActiveRecord: 0.0ms)


Started GET "/login" for 127.0.0.1 at 2018-03-29 12:31:23 +1100
Processing by SessionController#new as HTML
  Rendering session/new.html.erb within layouts/application
  Rendered session/new.html.erb within layouts/application (1.6ms)
Completed 200 OK in 51ms (Views: 46.9ms | ActiveRecord: 0.0ms)


Started POST "/login" for 127.0.0.1 at 2018-03-29 12:31:32 +1100
Processing by SessionController#create as HTML
  Parameters: {"utf8"=>"✓", "authenticity_token"=>"hUbPxN2IycqevoFxTQiAZQEdvNtw60Rd44gKQRg6/Z/vNBczjIwRibuti35q6YLqREfMQvb9WGylpv/PqaGPBA==", "email"=>"test@test.com", "password"=>"[FILTERED]", "commit"=>"Log In"}
  [1m[36mUser Load (0.2ms)[0m  [1m[34mSELECT  "users".* FROM "users" WHERE "users"."email" = $1 LIMIT $2[0m  [["email", "test@test.com"], ["LIMIT", 1]]
Redirected to http://localhost:3000/login
Completed 302 Found in 67ms (ActiveRecord: 0.2ms)


Started GET "/login" for 127.0.0.1 at 2018-03-29 12:31:32 +1100
Processing by SessionController#new as HTML
  Rendering session/new.html.erb within layouts/application
  Rendered session/new.html.erb within layouts/application (1.3ms)
Completed 200 OK in 36ms (Views: 33.5ms | ActiveRecord: 0.0ms)


Started POST "/login" for 127.0.0.1 at 2018-03-29 12:31:39 +1100
Processing by SessionController#create as HTML
  Parameters: {"utf8"=>"✓", "authenticity_token"=>"HddToEiP1sfy/968zuebzVpGxEv7vtKxtO+Kcy8awqLBR0gZGol8W+gTw7pR+GWK/QrLPNwst2DeIThuftzwEA==", "email"=>"test@test.com", "password"=>"[FILTERED]", "commit"=>"Log In"}
  [1m[36mUser Load (0.2ms)[0m  [1m[34mSELECT  "users".* FROM "users" WHERE "users"."email" = $1 LIMIT $2[0m  [["email", "test@test.com"], ["LIMIT", 1]]
No template found for SessionController#create, rendering head :no_content
Completed 204 No Content in 121ms (ActiveRecord: 0.2ms)


Started GET "/login" for 127.0.0.1 at 2018-03-29 12:33:27 +1100
Processing by SessionController#new as HTML
  Rendering session/new.html.erb within layouts/application
  Rendered session/new.html.erb within layouts/application (2.1ms)
Completed 200 OK in 38ms (Views: 35.5ms | ActiveRecord: 0.0ms)


Started POST "/login" for 127.0.0.1 at 2018-03-29 12:33:38 +1100
Processing by SessionController#create as HTML
  Parameters: {"utf8"=>"✓", "authenticity_token"=>"0YNZq7sOoJHGI9+kZg9J8zstchvJrKPuJ2RggLT75icNE0IS6QgKDdzPwqL5ELe0nGF9bO4+xj9NqtKd5T3UlQ==", "email"=>"fff@tyf.com", "password"=>"[FILTERED]", "commit"=>"Log In"}
  [1m[36mUser Load (0.1ms)[0m  [1m[34mSELECT  "users".* FROM "users" WHERE "users"."email" = $1 LIMIT $2[0m  [["email", "fff@tyf.com"], ["LIMIT", 1]]
Redirected to http://localhost:3000/login
Completed 302 Found in 7ms (ActiveRecord: 1.1ms)


Started GET "/login" for 127.0.0.1 at 2018-03-29 12:33:38 +1100
Processing by SessionController#new as HTML
  Rendering session/new.html.erb within layouts/application
  Rendered session/new.html.erb within layouts/application (1.1ms)
Completed 200 OK in 49ms (Views: 46.3ms | ActiveRecord: 0.0ms)


Started POST "/login" for 127.0.0.1 at 2018-03-29 12:33:56 +1100
Processing by SessionController#create as HTML
  Parameters: {"utf8"=>"✓", "authenticity_token"=>"PI78vmflP4/yFHSTL5lc5ypR9Pz9abQP4R/8blbbLPvgHucHNeOVE+j4aZWwhqKgjR37i9r70d6L0U5zBx0eSQ==", "email"=>"test@test.com", "password"=>"[FILTERED]", "commit"=>"Log In"}
  [1m[36mUser Load (0.2ms)[0m  [1m[34mSELECT  "users".* FROM "users" WHERE "users"."email" = $1 LIMIT $2[0m  [["email", "test@test.com"], ["LIMIT", 1]]
No template found for SessionController#create, rendering head :no_content
Completed 204 No Content in 121ms (ActiveRecord: 1.7ms)


Started GET "/users/new" for 127.0.0.1 at 2018-03-29 12:34:21 +1100
Processing by UsersController#new as HTML
  Rendering users/new.html.erb within layouts/application
  Rendered users/new.html.erb within layouts/application (4.4ms)
Completed 200 OK in 51ms (Views: 48.3ms | ActiveRecord: 0.0ms)


Started POST "/users" for 127.0.0.1 at 2018-03-29 12:34:28 +1100
Processing by UsersController#create as HTML
  Parameters: {"utf8"=>"✓", "authenticity_token"=>"Qoct5iKMceGSijC3rA4mD2m3lthOf6q3arQ5qOaBr+NKHAKd6py6gC/faQvySZ5wNKzgbGv3zsC4KulP+/ClZA==", "user"=>{"email"=>"a@a.com", "password"=>"[FILTERED]", "password_confirmation"=>"[FILTERED]"}, "commit"=>"Sign Up!"}
  [1m[35m (0.1ms)[0m  [1m[35mBEGIN[0m
  [1m[36mUser Exists (0.2ms)[0m  [1m[34mSELECT  1 AS one FROM "users" WHERE "users"."email" = $1 LIMIT $2[0m  [["email", "a@a.com"], ["LIMIT", 1]]
  [1m[35mSQL (0.2ms)[0m  [1m[32mINSERT INTO "users" ("email", "created_at", "updated_at", "password_digest") VALUES ($1, $2, $3, $4) RETURNING "id"[0m  [["email", "a@a.com"], ["created_at", "2018-03-29 01:34:28.520779"], ["updated_at", "2018-03-29 01:34:28.520779"], ["password_digest", "$2a$10$Yn9d8vPadYqUm82uzGmcPO1.Pn2pyOXjSTsx3omFb1uZEq8NSB4vW"]]
  [1m[35m (2.6ms)[0m  [1m[35mCOMMIT[0m
Redirected to http://localhost:3000/
Completed 302 Found in 72ms (ActiveRecord: 3.1ms)


Started GET "/" for 127.0.0.1 at 2018-03-29 12:34:28 +1100
Processing by PagesController#home as HTML
  Rendering pages/home.html.erb within layouts/application
  Rendered pages/home.html.erb within layouts/application (0.7ms)
Completed 200 OK in 34ms (Views: 32.2ms | ActiveRecord: 0.0ms)


Started GET "/login" for 127.0.0.1 at 2018-03-29 12:34:30 +1100
Processing by SessionController#new as HTML
  Rendering session/new.html.erb within layouts/application
  Rendered session/new.html.erb within layouts/application (1.8ms)
Completed 200 OK in 46ms (Views: 43.8ms | ActiveRecord: 0.0ms)


Started POST "/login" for 127.0.0.1 at 2018-03-29 12:34:40 +1100
Processing by SessionController#create as HTML
  Parameters: {"utf8"=>"✓", "authenticity_token"=>"Ms7ZY6n5mBT9v7VzadeE9Pgl+G+MnAOnBd6f9rOWvAJYvAGU+P1AV9isv3xONoZ7vX+I9gqKH5ZD8Gp4Ag3OmQ==", "email"=>"a@a.com", "password"=>"[FILTERED]", "commit"=>"Log In"}
  [1m[36mUser Load (0.4ms)[0m  [1m[34mSELECT  "users".* FROM "users" WHERE "users"."email" = $1 LIMIT $2[0m  [["email", "a@a.com"], ["LIMIT", 1]]
No template found for SessionController#create, rendering head :no_content
Completed 204 No Content in 119ms (ActiveRecord: 0.4ms)


Started GET "/login" for 127.0.0.1 at 2018-03-29 12:35:10 +1100
Processing by SessionController#new as HTML
  Rendering session/new.html.erb within layouts/application
  Rendered session/new.html.erb within layouts/application (2.8ms)
Completed 200 OK in 45ms (Views: 43.5ms | ActiveRecord: 0.0ms)


Started POST "/login" for 127.0.0.1 at 2018-03-29 12:35:17 +1100
Processing by SessionController#create as HTML
  Parameters: {"utf8"=>"✓", "authenticity_token"=>"QfZp0nLbMD3DGoIBPNxyRaquGPJxHlLpDett5NtOD1SdZnJrIN2aodn2nwejw4wCDeIXhVaMNzhnJd/5iog95g==", "email"=>"test@test.com", "password"=>"[FILTERED]", "commit"=>"Log In"}
  [1m[36mUser Load (0.1ms)[0m  [1m[34mSELECT  "users".* FROM "users" WHERE "users"."email" = $1 LIMIT $2[0m  [["email", "test@test.com"], ["LIMIT", 1]]
Redirected to http://localhost:3000/
Completed 302 Found in 79ms (ActiveRecord: 2.5ms)


Started GET "/" for 127.0.0.1 at 2018-03-29 12:35:17 +1100
Processing by PagesController#home as HTML
  Rendering pages/home.html.erb within layouts/application
  Rendered pages/home.html.erb within layouts/application (0.3ms)
Completed 200 OK in 31ms (Views: 29.3ms | ActiveRecord: 0.0ms)


Started GET "/" for 127.0.0.1 at 2018-03-29 12:41:00 +1100
Processing by PagesController#home as HTML
  [1m[36mUser Load (0.2ms)[0m  [1m[34mSELECT  "users".* FROM "users" WHERE "users"."id" = $1 LIMIT $2[0m  [["id", 7], ["LIMIT", 1]]
  Rendering pages/home.html.erb within layouts/application
  Rendered pages/home.html.erb within layouts/application (0.5ms)
Completed 200 OK in 53ms (Views: 31.2ms | ActiveRecord: 4.6ms)


Started GET "/" for 127.0.0.1 at 2018-03-29 12:41:09 +1100
Processing by PagesController#home as HTML
  [1m[36mUser Load (0.2ms)[0m  [1m[34mSELECT  "users".* FROM "users" WHERE "users"."id" = $1 LIMIT $2[0m  [["id", 7], ["LIMIT", 1]]
  Rendering pages/home.html.erb within layouts/application
  Rendered pages/home.html.erb within layouts/application (0.8ms)
Completed 200 OK in 37ms (Views: 34.5ms | ActiveRecord: 0.2ms)


Started GET "/" for 127.0.0.1 at 2018-03-29 12:43:31 +1100
Processing by PagesController#home as HTML
  [1m[36mUser Load (0.6ms)[0m  [1m[34mSELECT  "users".* FROM "users" WHERE "users"."id" = $1 LIMIT $2[0m  [["id", 7], ["LIMIT", 1]]
  Rendering pages/home.html.erb within layouts/application
  Rendered pages/home.html.erb within layouts/application (0.5ms)
Completed 200 OK in 67ms (Views: 42.6ms | ActiveRecord: 6.6ms)


Started DELETE "/login" for 127.0.0.1 at 2018-03-29 12:43:34 +1100
Processing by SessionController#destroy as HTML
  Parameters: {"authenticity_token"=>"ntIWvp7sw30FaMLHfU/HYHfZ9vMaN4OEyko3JuEo/v1CQg0HzOpp4R+E38HiUDkn0JX5hD2l5lWghIU7sO7MTw=="}
  [1m[36mUser Load (0.2ms)[0m  [1m[34mSELECT  "users".* FROM "users" WHERE "users"."id" = $1 LIMIT $2[0m  [["id", 7], ["LIMIT", 1]]
Redirected to http://localhost:3000/login
Completed 302 Found in 2ms (ActiveRecord: 0.2ms)


Started GET "/login" for 127.0.0.1 at 2018-03-29 12:43:34 +1100
Processing by SessionController#new as HTML
  Rendering session/new.html.erb within layouts/application
  Rendered session/new.html.erb within layouts/application (2.1ms)
Completed 200 OK in 40ms (Views: 37.9ms | ActiveRecord: 0.0ms)


Started GET "/" for 127.0.0.1 at 2018-03-29 12:43:37 +1100
Processing by PagesController#home as HTML
  Rendering pages/home.html.erb within layouts/application
  Rendered pages/home.html.erb within layouts/application (0.7ms)
Completed 200 OK in 52ms (Views: 48.5ms | ActiveRecord: 0.0ms)


Started GET "/" for 127.0.0.1 at 2018-03-29 12:45:28 +1100
Processing by PagesController#home as HTML
  Rendering pages/home.html.erb within layouts/application
  Rendered pages/home.html.erb within layouts/application (0.4ms)
Completed 500 Internal Server Error in 38ms (ActiveRecord: 0.0ms)


  
ActionView::Template::Error (undefined method `empty?' for nil:NilClass):
    11: <body>
    12: <nav>
    13:     <%= link_to 'Home', root_path %>
    14:     <% if @current_user.empty? %>
    15:         <%= link_to 'New User', new_user_path %>
    16:         <%= link_to 'Sign In', login_path %>
    17: 
  
app/views/layouts/application.html.erb:14:in `_app_views_layouts_application_html_erb___4573592237659661046_70059037356420'
Started GET "/" for 127.0.0.1 at 2018-03-29 12:45:51 +1100
Processing by PagesController#home as HTML
  Rendering pages/home.html.erb within layouts/application
  Rendered pages/home.html.erb within layouts/application (0.4ms)
Completed 200 OK in 35ms (Views: 33.1ms | ActiveRecord: 0.0ms)


Started GET "/" for 127.0.0.1 at 2018-03-29 12:45:55 +1100
Processing by PagesController#home as HTML
  Rendering pages/home.html.erb within layouts/application
  Rendered pages/home.html.erb within layouts/application (0.6ms)
Completed 200 OK in 39ms (Views: 37.2ms | ActiveRecord: 0.0ms)


Started DELETE "/login" for 127.0.0.1 at 2018-03-29 12:45:56 +1100
Processing by SessionController#destroy as HTML
  Parameters: {"authenticity_token"=>"CKEllC7Jk0RIdFQKgJpNE7iTyLsehGQHmSfnTfNhrWfUMT4tfM852FKYSQwfhbNUH9/HzDkWAdbz6VVQoqef1Q=="}
Redirected to http://localhost:3000/login
Completed 302 Found in 3ms (ActiveRecord: 0.0ms)


Started GET "/login" for 127.0.0.1 at 2018-03-29 12:45:56 +1100
Processing by SessionController#new as HTML
  Rendering session/new.html.erb within layouts/application
  Rendered session/new.html.erb within layouts/application (1.4ms)
Completed 200 OK in 45ms (Views: 43.2ms | ActiveRecord: 0.0ms)


Started GET "/login" for 127.0.0.1 at 2018-03-29 12:46:20 +1100
Processing by SessionController#new as HTML
  Rendering session/new.html.erb within layouts/application
  Rendered session/new.html.erb within layouts/application (0.8ms)
Completed 200 OK in 38ms (Views: 36.8ms | ActiveRecord: 0.0ms)


Started GET "/login" for 127.0.0.1 at 2018-03-29 12:46:48 +1100
Processing by SessionController#new as HTML
  Rendering session/new.html.erb within layouts/application
  Rendered session/new.html.erb within layouts/application (0.9ms)
Completed 200 OK in 38ms (Views: 36.8ms | ActiveRecord: 0.0ms)


Started GET "/login" for 127.0.0.1 at 2018-03-29 12:46:52 +1100
Processing by SessionController#new as HTML
  Rendering session/new.html.erb within layouts/application
  Rendered session/new.html.erb within layouts/application (2.0ms)
Completed 200 OK in 36ms (Views: 33.6ms | ActiveRecord: 0.0ms)


Started POST "/login" for 127.0.0.1 at 2018-03-29 12:46:57 +1100
Processing by SessionController#create as HTML
  Parameters: {"utf8"=>"✓", "authenticity_token"=>"nywTTq24MQX8v7hMydK6Y6e6JywAL8c/wDublaxei031Xsu5/LzpRtmsskPuM7js4uBXtYY52w6GFW4bHcX51g==", "email"=>"test@test.com", "password"=>"[FILTERED]", "commit"=>"Log In"}
  [1m[36mUser Load (0.3ms)[0m  [1m[34mSELECT  "users".* FROM "users" WHERE "users"."email" = $1 LIMIT $2[0m  [["email", "test@test.com"], ["LIMIT", 1]]
Redirected to http://localhost:3000/
Completed 302 Found in 70ms (ActiveRecord: 0.3ms)


Started GET "/" for 127.0.0.1 at 2018-03-29 12:46:57 +1100
Processing by PagesController#home as HTML
  [1m[36mUser Load (0.2ms)[0m  [1m[34mSELECT  "users".* FROM "users" WHERE "users"."id" = $1 LIMIT $2[0m  [["id", 7], ["LIMIT", 1]]
  Rendering pages/home.html.erb within layouts/application
  Rendered pages/home.html.erb within layouts/application (0.4ms)
Completed 200 OK in 36ms (Views: 34.1ms | ActiveRecord: 0.2ms)


Started GET "/" for 127.0.0.1 at 2018-03-29 12:48:15 +1100
Processing by PagesController#home as HTML
  [1m[36mUser Load (0.2ms)[0m  [1m[34mSELECT  "users".* FROM "users" WHERE "users"."id" = $1 LIMIT $2[0m  [["id", 7], ["LIMIT", 1]]
  Rendering pages/home.html.erb within layouts/application
  Rendered pages/home.html.erb within layouts/application (0.5ms)
Completed 200 OK in 40ms (Views: 37.6ms | ActiveRecord: 0.2ms)


Started GET "/" for 127.0.0.1 at 2018-03-29 12:48:37 +1100
Processing by PagesController#home as HTML
  [1m[36mUser Load (0.1ms)[0m  [1m[34mSELECT  "users".* FROM "users" WHERE "users"."id" = $1 LIMIT $2[0m  [["id", 7], ["LIMIT", 1]]
  Rendering pages/home.html.erb within layouts/application
  Rendered pages/home.html.erb within layouts/application (0.4ms)
Completed 200 OK in 37ms (Views: 34.6ms | ActiveRecord: 0.1ms)


Started GET "/" for 127.0.0.1 at 2018-03-29 12:48:47 +1100
Processing by PagesController#home as HTML
  [1m[36mUser Load (0.2ms)[0m  [1m[34mSELECT  "users".* FROM "users" WHERE "users"."id" = $1 LIMIT $2[0m  [["id", 7], ["LIMIT", 1]]
  Rendering pages/home.html.erb within layouts/application
  Rendered pages/home.html.erb within layouts/application (0.6ms)
Completed 200 OK in 50ms (Views: 46.5ms | ActiveRecord: 0.2ms)


Started DELETE "/login" for 127.0.0.1 at 2018-03-29 12:48:48 +1100
Processing by SessionController#destroy as HTML
  Parameters: {"authenticity_token"=>"w5aIpFCYWLLsS0mn/fwqnYjlADJ5GnTEKfpVbcmfOXofBpMdAp7yLvanVKFi49TaL6kPRV6IERVDNOdwmFkLyA=="}
  [1m[36mUser Load (0.2ms)[0m  [1m[34mSELECT  "users".* FROM "users" WHERE "users"."id" = $1 LIMIT $2[0m  [["id", 7], ["LIMIT", 1]]
Redirected to http://localhost:3000/login
Completed 302 Found in 2ms (ActiveRecord: 0.2ms)


Started GET "/login" for 127.0.0.1 at 2018-03-29 12:48:48 +1100
Processing by SessionController#new as HTML
  Rendering session/new.html.erb within layouts/application
  Rendered session/new.html.erb within layouts/application (1.1ms)
Completed 200 OK in 37ms (Views: 35.5ms | ActiveRecord: 0.0ms)


Started POST "/login" for 127.0.0.1 at 2018-03-29 12:49:01 +1100
Processing by SessionController#create as HTML
  Parameters: {"utf8"=>"✓", "authenticity_token"=>"nwlJStyhrEiTUEZWmHJKcbu9/Yt7DmRBAwInIZMmGqVDmVLzjqcG1Im8W1AHbbQ2HPHy/FycAZBpzJU8wuAoFw==", "email"=>"test@test.com", "password"=>"[FILTERED]", "commit"=>"Log In"}
  [1m[36mUser Load (0.2ms)[0m  [1m[34mSELECT  "users".* FROM "users" WHERE "users"."email" = $1 LIMIT $2[0m  [["email", "test@test.com"], ["LIMIT", 1]]
Redirected to http://localhost:3000/
Completed 302 Found in 70ms (ActiveRecord: 0.2ms)


Started GET "/" for 127.0.0.1 at 2018-03-29 12:49:01 +1100
Processing by PagesController#home as HTML
  [1m[36mUser Load (0.1ms)[0m  [1m[34mSELECT  "users".* FROM "users" WHERE "users"."id" = $1 LIMIT $2[0m  [["id", 7], ["LIMIT", 1]]
  Rendering pages/home.html.erb within layouts/application
  Rendered pages/home.html.erb within layouts/application (0.5ms)
Completed 200 OK in 56ms (Views: 54.0ms | ActiveRecord: 0.1ms)


Started GET "/" for 127.0.0.1 at 2018-03-29 14:33:19 +1100
Processing by PagesController#home as HTML
  [1m[36mUser Load (0.2ms)[0m  [1m[34mSELECT  "users".* FROM "users" WHERE "users"."id" = $1 LIMIT $2[0m  [["id", 7], ["LIMIT", 1]]
  Rendering pages/home.html.erb within layouts/application
  Rendered pages/home.html.erb within layouts/application (0.4ms)
Completed 200 OK in 78ms (Views: 75.4ms | ActiveRecord: 0.2ms)


Started GET "/" for 127.0.0.1 at 2018-03-29 14:33:19 +1100
Processing by PagesController#home as HTML
  [1m[36mUser Load (0.2ms)[0m  [1m[34mSELECT  "users".* FROM "users" WHERE "users"."id" = $1 LIMIT $2[0m  [["id", 7], ["LIMIT", 1]]
  Rendering pages/home.html.erb within layouts/application
  Rendered pages/home.html.erb within layouts/application (2.2ms)
Completed 200 OK in 50ms (Views: 46.2ms | ActiveRecord: 0.2ms)


Started GET "/" for 127.0.0.1 at 2018-03-29 14:39:04 +1100
Processing by PagesController#home as HTML
  [1m[36mUser Load (0.2ms)[0m  [1m[34mSELECT  "users".* FROM "users" WHERE "users"."id" = $1 LIMIT $2[0m  [["id", 7], ["LIMIT", 1]]
  Rendering pages/home.html.erb within layouts/application
  Rendered pages/home.html.erb within layouts/application (1.6ms)
Completed 500 Internal Server Error in 78ms (ActiveRecord: 0.2ms)


  
ActionView::Template::Error (File to import not found or unreadable: foundation/functions.
Load paths:
  /mnt/storage/code/GA/classwork/08-rails/tunr/app/assets/config
  /mnt/storage/code/GA/classwork/08-rails/tunr/app/assets/images
  /mnt/storage/code/GA/classwork/08-rails/tunr/app/assets/javascripts
  /mnt/storage/code/GA/classwork/08-rails/tunr/app/assets/stylesheets
  /home/rob/.rvm/gems/ruby-2.4.1/gems/coffee-rails-4.2.2/lib/assets/javascripts
  /home/rob/.rvm/gems/ruby-2.4.1/gems/actioncable-5.1.5/lib/assets/compiled
  /home/rob/.rvm/gems/ruby-2.4.1/gems/actionview-5.1.5/lib/assets/compiled
  /home/rob/.rvm/gems/ruby-2.4.1/gems/turbolinks-source-5.1.0/lib/assets/javascripts
  /mnt/storage/code/GA/classwork/08-rails/tunr/node_modules):
     5: 
     6:     <title><%= content_for?(:title) ? yield(:title) : "foundation-rails" %></title>
     7: 
     8:     <%= stylesheet_link_tag    "application" %>
     9:     <%= javascript_include_tag "vendor/modernizr" %>
    10:     <%= csrf_meta_tags %>
    11: 
  
app/assets/stylesheets/foundation_and_overrides.scss:58
app/views/layouts/application.html.erb:8:in `_app_views_layouts_application_html_erb___4573592237659661046_70059038997080'
Started GET "/" for 127.0.0.1 at 2018-03-29 14:40:53 +1100
Processing by PagesController#home as HTML
  [1m[36mUser Load (0.2ms)[0m  [1m[34mSELECT  "users".* FROM "users" WHERE "users"."id" = $1 LIMIT $2[0m  [["id", 7], ["LIMIT", 1]]
  Rendering pages/home.html.erb within layouts/application
  Rendered pages/home.html.erb within layouts/application (1.4ms)
Completed 500 Internal Server Error in 38ms (ActiveRecord: 0.2ms)


  
ActionView::Template::Error (File to import not found or unreadable: foundation/functions.
Load paths:
  /mnt/storage/code/GA/classwork/08-rails/tunr/app/assets/config
  /mnt/storage/code/GA/classwork/08-rails/tunr/app/assets/images
  /mnt/storage/code/GA/classwork/08-rails/tunr/app/assets/javascripts
  /mnt/storage/code/GA/classwork/08-rails/tunr/app/assets/stylesheets
  /home/rob/.rvm/gems/ruby-2.4.1/gems/coffee-rails-4.2.2/lib/assets/javascripts
  /home/rob/.rvm/gems/ruby-2.4.1/gems/actioncable-5.1.5/lib/assets/compiled
  /home/rob/.rvm/gems/ruby-2.4.1/gems/actionview-5.1.5/lib/assets/compiled
  /home/rob/.rvm/gems/ruby-2.4.1/gems/turbolinks-source-5.1.0/lib/assets/javascripts
  /mnt/storage/code/GA/classwork/08-rails/tunr/node_modules):
     5: 
     6:     <title><%= content_for?(:title) ? yield(:title) : "foundation-rails" %></title>
     7: 
     8:     <%= stylesheet_link_tag    "application" %>
     9:     <%= javascript_include_tag "vendor/modernizr" %>
    10:     <%= csrf_meta_tags %>
    11: 
  
app/assets/stylesheets/foundation_and_overrides.scss:58
app/views/layouts/application.html.erb:8:in `_app_views_layouts_application_html_erb___4573592237659661046_70059038383000'
Started GET "/" for 127.0.0.1 at 2018-03-29 14:42:25 +1100
Processing by PagesController#home as HTML
  [1m[36mUser Load (0.1ms)[0m  [1m[34mSELECT  "users".* FROM "users" WHERE "users"."id" = $1 LIMIT $2[0m  [["id", 7], ["LIMIT", 1]]
  Rendering pages/home.html.erb within layouts/application
  Rendered pages/home.html.erb within layouts/application (1.7ms)
Completed 500 Internal Server Error in 47ms (ActiveRecord: 0.1ms)


  
ActionView::Template::Error (File to import not found or unreadable: foundation/functions.
Load paths:
  /mnt/storage/code/GA/classwork/08-rails/tunr/app/assets/config
  /mnt/storage/code/GA/classwork/08-rails/tunr/app/assets/images
  /mnt/storage/code/GA/classwork/08-rails/tunr/app/assets/javascripts
  /mnt/storage/code/GA/classwork/08-rails/tunr/app/assets/stylesheets
  /home/rob/.rvm/gems/ruby-2.4.1/gems/coffee-rails-4.2.2/lib/assets/javascripts
  /home/rob/.rvm/gems/ruby-2.4.1/gems/actioncable-5.1.5/lib/assets/compiled
  /home/rob/.rvm/gems/ruby-2.4.1/gems/actionview-5.1.5/lib/assets/compiled
  /home/rob/.rvm/gems/ruby-2.4.1/gems/turbolinks-source-5.1.0/lib/assets/javascripts
  /mnt/storage/code/GA/classwork/08-rails/tunr/node_modules):
     5: 
     6:     <title><%= content_for?(:title) ? yield(:title) : "foundation-rails" %></title>
     7: 
     8:     <%= stylesheet_link_tag    "application" %>
     9:     <%= javascript_include_tag "vendor/modernizr" %>
    10:     <%= csrf_meta_tags %>
    11: 
  
app/assets/stylesheets/foundation_and_overrides.scss:58
app/views/layouts/application.html.erb:8:in `_app_views_layouts_application_html_erb___4573592237659661046_70059038712820'
Started GET "/" for 127.0.0.1 at 2018-03-29 14:42:44 +1100
Processing by PagesController#home as HTML
  [1m[36mUser Load (0.2ms)[0m  [1m[34mSELECT  "users".* FROM "users" WHERE "users"."id" = $1 LIMIT $2[0m  [["id", 7], ["LIMIT", 1]]
  Rendering pages/home.html.erb within layouts/application
  Rendered pages/home.html.erb within layouts/application (0.5ms)
Completed 500 Internal Server Error in 45ms (ActiveRecord: 0.2ms)


  
ActionView::Template::Error (The asset "vendor/modernizr.js" is not present in the asset pipeline.):
     6:     <title><%= content_for?(:title) ? yield(:title) : "foundation-rails" %></title>
     7: 
     8:     <%= stylesheet_link_tag    "application" %>
     9:     <%= javascript_include_tag "vendor/modernizr" %>
    10:     <%= csrf_meta_tags %>
    11: 
    12:     <%= stylesheet_link_tag 'application', media: 'all', 'data-turbolinks-track': 'reload' %>
  
app/views/layouts/application.html.erb:9:in `_app_views_layouts_application_html_erb___4573592237659661046_70058885835900'
Started GET "/" for 127.0.0.1 at 2018-03-29 18:13:07 +1100
Processing by PagesController#home as HTML
  [1m[36mUser Load (1.4ms)[0m  [1m[34mSELECT  "users".* FROM "users" WHERE "users"."id" = $1 LIMIT $2[0m  [["id", 7], ["LIMIT", 1]]
  Rendering pages/home.html.erb within layouts/application
  Rendered pages/home.html.erb within layouts/application (2.7ms)
Completed 500 Internal Server Error in 110ms (ActiveRecord: 1.4ms)


  
ActionView::Template::Error (The asset "vendor/modernizr.js" is not present in the asset pipeline.):
     6:     <title><%= content_for?(:title) ? yield(:title) : "foundation-rails" %></title>
     7: 
     8:     <%= stylesheet_link_tag    "application" %>
     9:     <%= javascript_include_tag "vendor/modernizr" %>
    10:     <%= csrf_meta_tags %>
    11: 
    12:     <%= stylesheet_link_tag 'application', media: 'all', 'data-turbolinks-track': 'reload' %>
  
app/views/layouts/application.html.erb:9:in `_app_views_layouts_application_html_erb___4573592237659661046_70059037860240'
Started GET "/" for 127.0.0.1 at 2018-03-29 18:13:39 +1100
Processing by PagesController#home as HTML
  [1m[36mUser Load (0.1ms)[0m  [1m[34mSELECT  "users".* FROM "users" WHERE "users"."id" = $1 LIMIT $2[0m  [["id", 7], ["LIMIT", 1]]
  Rendering pages/home.html.erb within layouts/application
  Rendered pages/home.html.erb within layouts/application (0.5ms)
Completed 200 OK in 223ms (Views: 220.7ms | ActiveRecord: 0.1ms)


Started GET "/" for 127.0.0.1 at 2018-03-29 18:13:45 +1100
Processing by PagesController#home as HTML
  [1m[36mUser Load (0.2ms)[0m  [1m[34mSELECT  "users".* FROM "users" WHERE "users"."id" = $1 LIMIT $2[0m  [["id", 7], ["LIMIT", 1]]
  Rendering pages/home.html.erb within layouts/application
  Rendered pages/home.html.erb within layouts/application (0.4ms)
Completed 200 OK in 44ms (Views: 40.8ms | ActiveRecord: 0.2ms)


Started DELETE "/login" for 127.0.0.1 at 2018-03-29 18:13:52 +1100
Processing by SessionController#destroy as HTML
  Parameters: {"authenticity_token"=>"KwJ1S+0Oiyu7dILAUBA2ONKkx2/1gI7y61e1YEu+qx33km7yvwght6GYn8bPD8h/dejIGNIS6yOBmQd9GniZrw=="}
  [1m[36mUser Load (0.2ms)[0m  [1m[34mSELECT  "users".* FROM "users" WHERE "users"."id" = $1 LIMIT $2[0m  [["id", 7], ["LIMIT", 1]]
Redirected to http://localhost:3000/login
Completed 302 Found in 2ms (ActiveRecord: 0.2ms)


Started GET "/login" for 127.0.0.1 at 2018-03-29 18:13:52 +1100
Processing by SessionController#new as HTML
  Rendering session/new.html.erb within layouts/application
  Rendered session/new.html.erb within layouts/application (1.3ms)
Completed 200 OK in 43ms (Views: 40.9ms | ActiveRecord: 0.0ms)


Started POST "/login" for 127.0.0.1 at 2018-03-29 18:14:00 +1100
Processing by SessionController#create as HTML
  Parameters: {"utf8"=>"✓", "authenticity_token"=>"ojkEMylTdijXyic4A0ICtSAXUAbaTM+BgmS69HeUna9+qR+Ke1XctM0mOj6cXfzyh1tfcf3eqlDoqgjpJlKvHQ==", "email"=>"rob.adam.h@gmail.com", "password"=>"[FILTERED]", "commit"=>"Log In"}
  [1m[36mUser Load (0.6ms)[0m  [1m[34mSELECT  "users".* FROM "users" WHERE "users"."email" = $1 LIMIT $2[0m  [["email", "rob.adam.h@gmail.com"], ["LIMIT", 1]]
Redirected to http://localhost:3000/login
Completed 302 Found in 69ms (ActiveRecord: 0.6ms)


Started GET "/login" for 127.0.0.1 at 2018-03-29 18:14:01 +1100
Processing by SessionController#new as HTML
  Rendering session/new.html.erb within layouts/application
  Rendered session/new.html.erb within layouts/application (1.5ms)
Completed 200 OK in 43ms (Views: 41.1ms | ActiveRecord: 0.0ms)


Started GET "/login" for 127.0.0.1 at 2018-03-29 18:29:56 +1100
Processing by SessionController#new as HTML
  Rendering session/new.html.erb within layouts/application
  Rendered session/new.html.erb within layouts/application (1.1ms)
Completed 200 OK in 36ms (Views: 34.5ms | ActiveRecord: 0.0ms)


Started GET "/login" for 127.0.0.1 at 2018-03-29 18:30:26 +1100
Processing by SessionController#new as HTML
  Rendering session/new.html.erb within layouts/application
  Rendered session/new.html.erb within layouts/application (1.0ms)
Completed 200 OK in 34ms (Views: 32.0ms | ActiveRecord: 0.0ms)


Started GET "/login" for 127.0.0.1 at 2018-03-29 18:30:27 +1100
Processing by SessionController#new as HTML
  Rendering session/new.html.erb within layouts/application
  Rendered session/new.html.erb within layouts/application (1.4ms)
Completed 200 OK in 40ms (Views: 37.5ms | ActiveRecord: 0.0ms)


Started GET "/login" for 127.0.0.1 at 2018-03-29 18:33:35 +1100
Processing by SessionController#new as HTML
  Rendering session/new.html.erb within layouts/application
  Rendered session/new.html.erb within layouts/application (1.0ms)
Completed 200 OK in 33ms (Views: 31.3ms | ActiveRecord: 0.0ms)


Started GET "/login" for 127.0.0.1 at 2018-03-29 18:33:36 +1100
Processing by SessionController#new as HTML
  Rendering session/new.html.erb within layouts/application
  Rendered session/new.html.erb within layouts/application (1.1ms)
Completed 200 OK in 43ms (Views: 41.1ms | ActiveRecord: 0.0ms)


Started GET "/login" for 127.0.0.1 at 2018-03-29 18:34:16 +1100
Processing by SessionController#new as HTML
  Rendering session/new.html.erb within layouts/application
  Rendered session/new.html.erb within layouts/application (2.4ms)
Completed 200 OK in 42ms (Views: 38.8ms | ActiveRecord: 0.0ms)


Started GET "/login" for 127.0.0.1 at 2018-03-29 18:37:41 +1100
Processing by SessionController#new as HTML
  Rendering session/new.html.erb within layouts/application
  Rendered session/new.html.erb within layouts/application (1.3ms)
Completed 200 OK in 44ms (Views: 41.1ms | ActiveRecord: 0.0ms)


Started GET "/login" for 127.0.0.1 at 2018-03-29 18:38:13 +1100
Processing by SessionController#new as HTML
  Rendering session/new.html.erb within layouts/application
  Rendered session/new.html.erb within layouts/application (1.0ms)
Completed 200 OK in 39ms (Views: 37.9ms | ActiveRecord: 0.0ms)


Started GET "/users/new" for 127.0.0.1 at 2018-03-29 18:38:35 +1100
Processing by UsersController#new as HTML
  Rendering users/new.html.erb within layouts/application
  Rendered users/new.html.erb within layouts/application (8.5ms)
Completed 500 Internal Server Error in 14ms (ActiveRecord: 0.0ms)


  
ActionView::Template::Error (undefined method `emai' for #<User:0x007f6fc8349308>
Did you mean?  email):
    10: 
    11: <%= form_for @user do |f| %>
    12:     <%= f.label :email %>
    13:     <%= f.email_field :emai, :class => 'form-control' %>
    14: 
    15:     <%= f.label :password %>
    16:     <%= f.password_field :password %>
  
app/views/users/new.html.erb:13:in `block in _app_views_users_new_html_erb__3165291800224525186_70059038487760'
app/views/users/new.html.erb:11:in `_app_views_users_new_html_erb__3165291800224525186_70059038487760'
Started GET "/users/new" for 127.0.0.1 at 2018-03-29 18:38:47 +1100
Processing by UsersController#new as HTML
  Rendering users/new.html.erb within layouts/application
  Rendered users/new.html.erb within layouts/application (2.0ms)
Completed 200 OK in 35ms (Views: 33.8ms | ActiveRecord: 0.0ms)


Started GET "/users/new" for 127.0.0.1 at 2018-03-29 18:39:04 +1100
Processing by UsersController#new as HTML
  Rendering users/new.html.erb within layouts/application
  Rendered users/new.html.erb within layouts/application (5.0ms)
Completed 200 OK in 49ms (Views: 47.2ms | ActiveRecord: 0.0ms)


Started GET "/users/new" for 127.0.0.1 at 2018-03-29 18:40:17 +1100
Processing by UsersController#new as HTML
  Rendering users/new.html.erb within layouts/application
  Rendered users/new.html.erb within layouts/application (1.6ms)
Completed 200 OK in 39ms (Views: 37.0ms | ActiveRecord: 0.0ms)


Started GET "/users/new" for 127.0.0.1 at 2018-03-29 18:41:40 +1100
Processing by UsersController#new as HTML
  Rendering users/new.html.erb within layouts/application
  Rendered users/new.html.erb within layouts/application (2.0ms)
Completed 200 OK in 436ms (Views: 433.9ms | ActiveRecord: 0.0ms)


Started GET "/users/new" for 127.0.0.1 at 2018-03-29 18:42:11 +1100
Processing by UsersController#new as HTML
  Rendering users/new.html.erb within layouts/application
  Rendered users/new.html.erb within layouts/application (2.3ms)
Completed 200 OK in 47ms (Views: 45.5ms | ActiveRecord: 0.0ms)


Started GET "/users/new" for 127.0.0.1 at 2018-03-29 18:43:27 +1100
Processing by UsersController#new as HTML
  Rendering users/new.html.erb within layouts/application
  Rendered users/new.html.erb within layouts/application (2.9ms)
Completed 200 OK in 39ms (Views: 35.6ms | ActiveRecord: 0.0ms)


Started GET "/users/new" for 127.0.0.1 at 2018-03-29 18:44:53 +1100
Processing by UsersController#new as HTML
  Rendering users/new.html.erb within layouts/application
  Rendered users/new.html.erb within layouts/application (2.4ms)
Completed 200 OK in 41ms (Views: 39.7ms | ActiveRecord: 0.0ms)


Started GET "/users/new" for 127.0.0.1 at 2018-03-29 18:45:51 +1100
Processing by UsersController#new as HTML
  Rendering users/new.html.erb within layouts/application
  Rendered users/new.html.erb within layouts/application (2.1ms)
Completed 200 OK in 46ms (Views: 42.9ms | ActiveRecord: 0.0ms)


Started GET "/users/new" for 127.0.0.1 at 2018-03-29 18:46:21 +1100
Processing by UsersController#new as HTML
  Rendering users/new.html.erb within layouts/application
  Rendered users/new.html.erb within layouts/application (2.8ms)
Completed 200 OK in 42ms (Views: 40.3ms | ActiveRecord: 0.0ms)


Started GET "/users/new" for 127.0.0.1 at 2018-03-29 18:47:07 +1100
Processing by UsersController#new as HTML
  Rendering users/new.html.erb within layouts/application
  Rendered users/new.html.erb within layouts/application (3.4ms)
Completed 200 OK in 42ms (Views: 40.5ms | ActiveRecord: 0.0ms)


Started GET "/users/new" for 127.0.0.1 at 2018-03-29 18:47:09 +1100
Processing by UsersController#new as HTML
  Rendering users/new.html.erb within layouts/application
  Rendered users/new.html.erb within layouts/application (3.1ms)
Completed 200 OK in 34ms (Views: 32.6ms | ActiveRecord: 0.0ms)


Started GET "/login" for 127.0.0.1 at 2018-03-29 18:47:11 +1100
Processing by SessionController#new as HTML
  Rendering session/new.html.erb within layouts/application
  Rendered session/new.html.erb within layouts/application (1.7ms)
Completed 200 OK in 47ms (Views: 43.9ms | ActiveRecord: 0.0ms)


Started GET "/users/new" for 127.0.0.1 at 2018-03-29 18:47:13 +1100
Processing by UsersController#new as HTML
  Rendering users/new.html.erb within layouts/application
  Rendered users/new.html.erb within layouts/application (2.3ms)
Completed 200 OK in 45ms (Views: 42.4ms | ActiveRecord: 0.0ms)


Started GET "/" for 127.0.0.1 at 2018-03-29 18:47:15 +1100
Processing by PagesController#home as HTML
  Rendering pages/home.html.erb within layouts/application
  Rendered pages/home.html.erb within layouts/application (0.4ms)
Completed 200 OK in 35ms (Views: 33.1ms | ActiveRecord: 0.0ms)


Started GET "/users/new" for 127.0.0.1 at 2018-03-29 18:47:16 +1100
Processing by UsersController#new as HTML
  Rendering users/new.html.erb within layouts/application
  Rendered users/new.html.erb within layouts/application (4.0ms)
Completed 200 OK in 54ms (Views: 50.9ms | ActiveRecord: 0.0ms)


Started GET "/login" for 127.0.0.1 at 2018-03-29 18:47:17 +1100
Processing by SessionController#new as HTML
  Rendering session/new.html.erb within layouts/application
  Rendered session/new.html.erb within layouts/application (1.2ms)
Completed 200 OK in 53ms (Views: 51.2ms | ActiveRecord: 0.0ms)


Started GET "/login" for 127.0.0.1 at 2018-03-29 18:47:58 +1100
Processing by SessionController#new as HTML
  Rendering session/new.html.erb within layouts/application
  Rendered session/new.html.erb within layouts/application (1.0ms)
Completed 200 OK in 38ms (Views: 36.4ms | ActiveRecord: 0.0ms)


Started GET "/login" for 127.0.0.1 at 2018-03-29 18:47:59 +1100
Processing by SessionController#new as HTML
  Rendering session/new.html.erb within layouts/application
  Rendered session/new.html.erb within layouts/application (1.1ms)
Completed 200 OK in 48ms (Views: 43.8ms | ActiveRecord: 0.0ms)


Started GET "/login" for 127.0.0.1 at 2018-03-29 18:48:00 +1100
Processing by SessionController#new as HTML
  Rendering session/new.html.erb within layouts/application
  Rendered session/new.html.erb within layouts/application (1.2ms)
Completed 200 OK in 48ms (Views: 43.4ms | ActiveRecord: 0.0ms)


Started GET "/users/new" for 127.0.0.1 at 2018-03-29 18:48:01 +1100
Processing by UsersController#new as HTML
  Rendering users/new.html.erb within layouts/application
  Rendered users/new.html.erb within layouts/application (2.2ms)
Completed 200 OK in 43ms (Views: 41.8ms | ActiveRecord: 0.0ms)


Started GET "/" for 127.0.0.1 at 2018-03-29 18:48:05 +1100
Processing by PagesController#home as HTML
  Rendering pages/home.html.erb within layouts/application
  Rendered pages/home.html.erb within layouts/application (0.8ms)
Completed 200 OK in 41ms (Views: 38.7ms | ActiveRecord: 0.0ms)


Started GET "/" for 127.0.0.1 at 2018-03-30 11:32:00 +1100
Processing by PagesController#home as HTML
  Rendering pages/home.html.erb within layouts/application
  Rendered pages/home.html.erb within layouts/application (0.5ms)
Completed 200 OK in 49ms (Views: 46.1ms | ActiveRecord: 0.0ms)


Started GET "/" for 127.0.0.1 at 2018-03-30 11:32:02 +1100
Processing by PagesController#home as HTML
  Rendering pages/home.html.erb within layouts/application
  Rendered pages/home.html.erb within layouts/application (1.2ms)
Completed 200 OK in 39ms (Views: 37.7ms | ActiveRecord: 0.0ms)


Started GET "/" for 127.0.0.1 at 2018-03-30 11:32:03 +1100
Processing by PagesController#home as HTML
  Rendering pages/home.html.erb within layouts/application
  Rendered pages/home.html.erb within layouts/application (0.5ms)
Completed 200 OK in 51ms (Views: 48.8ms | ActiveRecord: 0.0ms)


