Started GET "/" for 127.0.0.1 at 2018-03-27 10:43:13 +1100
Processing by Rails::WelcomeController#index as HTML
  Rendering /home/rob/.rvm/gems/ruby-2.4.1/gems/railties-5.1.5/lib/rails/templates/rails/welcome/index.html.erb
  Rendered /home/rob/.rvm/gems/ruby-2.4.1/gems/railties-5.1.5/lib/rails/templates/rails/welcome/index.html.erb (2.1ms)
Completed 200 OK in 135ms (Views: 5.7ms)


Started GET "/numbers" for 127.0.0.1 at 2018-03-27 10:43:17 +1100
  
SyntaxError (/mnt/storage/code/GA/classwork/08-rails/view_helpers/app/controllers/pages_controller.rb:5: Invalid octal digit
    @phone = 0423087265
                   ^):
  
app/controllers/pages_controller.rb:5: Invalid octal digit
Started GET "/numbers" for 127.0.0.1 at 2018-03-27 10:43:46 +1100
Processing by PagesController#numbers as HTML
  Rendering pages/numbers.html.erb within layouts/application
  Rendered pages/numbers.html.erb within layouts/application (0.6ms)
Completed 500 Internal Server Error in 6ms


  
SyntaxError (/mnt/storage/code/GA/classwork/08-rails/view_helpers/app/views/pages/numbers.html.erb:5: syntax error, unexpected =>, expecting &. or :: or '[' or '.'
o_phone (@phone, :area_code => true) );@output_buffer.safe_a
                              ^):
  
app/views/pages/numbers.html.erb:5: syntax error, unexpected =>, expecting &. or :: or '[' or '.'
Started GET "/numbers" for 127.0.0.1 at 2018-03-27 10:44:30 +1100
Processing by PagesController#numbers as HTML
  Rendering pages/numbers.html.erb within layouts/application
  Rendered pages/numbers.html.erb within layouts/application (2.6ms)
Completed 500 Internal Server Error in 9ms


  
SyntaxError (/mnt/storage/code/GA/classwork/08-rails/view_helpers/app/views/pages/numbers.html.erb:5: syntax error, unexpected =>, expecting &. or :: or '[' or '.'
o_phone (@phone, :area_code => true) );@output_buffer.safe_a
                              ^):
  
app/views/pages/numbers.html.erb:5: syntax error, unexpected =>, expecting &. or :: or '[' or '.'
Started GET "/numbers" for 127.0.0.1 at 2018-03-27 10:44:40 +1100
Processing by PagesController#numbers as HTML
  Rendering pages/numbers.html.erb within layouts/application
  Rendered pages/numbers.html.erb within layouts/application (14.1ms)
Completed 200 OK in 334ms (Views: 331.8ms)


Started GET "/numbers" for 127.0.0.1 at 2018-03-27 10:45:11 +1100
Processing by PagesController#numbers as HTML
  Rendering pages/numbers.html.erb within layouts/application
  Rendered pages/numbers.html.erb within layouts/application (2.2ms)
Completed 200 OK in 23ms (Views: 20.4ms)


Started GET "/text" for 127.0.0.1 at 2018-03-27 10:49:58 +1100
  
ActionController::RoutingError (No route matches [GET] "/text"):
  
actionpack (5.1.5) lib/action_dispatch/middleware/debug_exceptions.rb:63:in `call'
web-console (3.5.1) lib/web_console/middleware.rb:135:in `call_app'
web-console (3.5.1) lib/web_console/middleware.rb:28:in `block in call'
web-console (3.5.1) lib/web_console/middleware.rb:18:in `catch'
web-console (3.5.1) lib/web_console/middleware.rb:18:in `call'
actionpack (5.1.5) lib/action_dispatch/middleware/show_exceptions.rb:31:in `call'
railties (5.1.5) lib/rails/rack/logger.rb:36:in `call_app'
railties (5.1.5) lib/rails/rack/logger.rb:24:in `block in call'
activesupport (5.1.5) lib/active_support/tagged_logging.rb:69:in `block in tagged'
activesupport (5.1.5) lib/active_support/tagged_logging.rb:26:in `tagged'
activesupport (5.1.5) lib/active_support/tagged_logging.rb:69:in `tagged'
railties (5.1.5) lib/rails/rack/logger.rb:24:in `call'
sprockets-rails (3.2.1) lib/sprockets/rails/quiet_assets.rb:13:in `call'
actionpack (5.1.5) lib/action_dispatch/middleware/remote_ip.rb:79:in `call'
actionpack (5.1.5) lib/action_dispatch/middleware/request_id.rb:25:in `call'
rack (2.0.4) lib/rack/method_override.rb:22:in `call'
rack (2.0.4) lib/rack/runtime.rb:22:in `call'
activesupport (5.1.5) lib/active_support/cache/strategy/local_cache_middleware.rb:27:in `call'
actionpack (5.1.5) lib/action_dispatch/middleware/executor.rb:12:in `call'
actionpack (5.1.5) lib/action_dispatch/middleware/static.rb:125:in `call'
rack (2.0.4) lib/rack/sendfile.rb:111:in `call'
railties (5.1.5) lib/rails/engine.rb:522:in `call'
puma (3.11.3) lib/puma/configuration.rb:225:in `call'
puma (3.11.3) lib/puma/server.rb:624:in `handle_request'
puma (3.11.3) lib/puma/server.rb:438:in `process_client'
puma (3.11.3) lib/puma/server.rb:302:in `block in run'
puma (3.11.3) lib/puma/thread_pool.rb:120:in `block in spawn_thread'
Started GET "/text" for 127.0.0.1 at 2018-03-27 10:50:24 +1100
Processing by PagesController#text as HTML
  Rendering pages/text.html.erb within layouts/application
  Rendered pages/text.html.erb within layouts/application (200.0ms)
Completed 500 Internal Server Error in 207ms


  
ActionView::Template::Error (undefined local variable or method `numbers' for #<#<Class:0x007f10d421e828>:0x007f10d421c960>
Did you mean?  numbers_url):
    1: <h1>Text Helpers</h1>
    2: 
    3: <ul>
    4:     <% numbers.each do |n| %>
    5:         <li style="background-color: <%= cycle('dodgerblue', 'tomato') %>"><%= n %></li>
    6:         <% end %>
    7:         </ul>
  
app/views/pages/text.html.erb:4:in `_app_views_pages_text_html_erb___3874232123090761247_69855127599200'
Started GET "/text" for 127.0.0.1 at 2018-03-27 10:51:03 +1100
Processing by PagesController#text as HTML
  Rendering pages/text.html.erb within layouts/application
  Rendered pages/text.html.erb within layouts/application (210.5ms)
Completed 500 Internal Server Error in 220ms


  
ActionView::Template::Error (undefined local variable or method `numbers' for #<#<Class:0x007f10e81b72b8>:0x007f10e81b56c0>
Did you mean?  @numbers):
    1: <h1>Text Helpers</h1>
    2: 
    3: <ul>
    4:     <% numbers.each do |n| %>
    5:         <li style="background-color: <%= cycle('dodgerblue', 'tomato') %>"><%= n %></li>
    6:         <% end %>
    7:         </ul>
  
app/views/pages/text.html.erb:4:in `_app_views_pages_text_html_erb___3874232123090761247_69855295159720'
Started GET "/text" for 127.0.0.1 at 2018-03-27 10:51:18 +1100
Processing by PagesController#text as HTML
  Rendering pages/text.html.erb within layouts/application
  Rendered pages/text.html.erb within layouts/application (0.5ms)
Completed 200 OK in 31ms (Views: 28.7ms)


  
ActionController::RoutingError (uninitialized constant AssetsController):
  
activesupport (5.1.5) lib/active_support/inflector/methods.rb:269:in `const_get'
activesupport (5.1.5) lib/active_support/inflector/methods.rb:269:in `block in constantize'
activesupport (5.1.5) lib/active_support/inflector/methods.rb:267:in `each'
activesupport (5.1.5) lib/active_support/inflector/methods.rb:267:in `inject'
activesupport (5.1.5) lib/active_support/inflector/methods.rb:267:in `constantize'
actionpack (5.1.5) lib/action_dispatch/http/request.rb:85:in `controller_class_for'
actionpack (5.1.5) lib/action_dispatch/http/request.rb:78:in `controller_class'
actionpack (5.1.5) lib/action_dispatch/routing/route_set.rb:43:in `controller'
actionpack (5.1.5) lib/action_dispatch/routing/route_set.rb:29:in `serve'
actionpack (5.1.5) lib/action_dispatch/journey/router.rb:50:in `block in serve'
actionpack (5.1.5) lib/action_dispatch/journey/router.rb:33:in `each'
actionpack (5.1.5) lib/action_dispatch/journey/router.rb:33:in `serve'
actionpack (5.1.5) lib/action_dispatch/routing/route_set.rb:844:in `call'
rack (2.0.4) lib/rack/etag.rb:25:in `call'
rack (2.0.4) lib/rack/conditional_get.rb:25:in `call'
rack (2.0.4) lib/rack/head.rb:12:in `call'
rack (2.0.4) lib/rack/session/abstract/id.rb:232:in `context'
rack (2.0.4) lib/rack/session/abstract/id.rb:226:in `call'
actionpack (5.1.5) lib/action_dispatch/middleware/cookies.rb:613:in `call'
activerecord (5.1.5) lib/active_record/migration.rb:556:in `call'
actionpack (5.1.5) lib/action_dispatch/middleware/callbacks.rb:26:in `block in call'
activesupport (5.1.5) lib/active_support/callbacks.rb:97:in `run_callbacks'
actionpack (5.1.5) lib/action_dispatch/middleware/callbacks.rb:24:in `call'
actionpack (5.1.5) lib/action_dispatch/middleware/executor.rb:12:in `call'
actionpack (5.1.5) lib/action_dispatch/middleware/debug_exceptions.rb:59:in `call'
web-console (3.5.1) lib/web_console/middleware.rb:135:in `call_app'
web-console (3.5.1) lib/web_console/middleware.rb:28:in `block in call'
web-console (3.5.1) lib/web_console/middleware.rb:18:in `catch'
web-console (3.5.1) lib/web_console/middleware.rb:18:in `call'
actionpack (5.1.5) lib/action_dispatch/middleware/show_exceptions.rb:31:in `call'
railties (5.1.5) lib/rails/rack/logger.rb:36:in `call_app'
railties (5.1.5) lib/rails/rack/logger.rb:24:in `block in call'
activesupport (5.1.5) lib/active_support/tagged_logging.rb:69:in `block in tagged'
activesupport (5.1.5) lib/active_support/tagged_logging.rb:26:in `tagged'
activesupport (5.1.5) lib/active_support/tagged_logging.rb:69:in `tagged'
railties (5.1.5) lib/rails/rack/logger.rb:24:in `call'
sprockets-rails (3.2.1) lib/sprockets/rails/quiet_assets.rb:11:in `block in call'
activesupport (5.1.5) lib/active_support/logger_silence.rb:20:in `silence'
activesupport (5.1.5) lib/active_support/logger.rb:63:in `block (3 levels) in broadcast'
activesupport (5.1.5) lib/active_support/logger_silence.rb:20:in `silence'
activesupport (5.1.5) lib/active_support/logger.rb:61:in `block (2 levels) in broadcast'
sprockets-rails (3.2.1) lib/sprockets/rails/quiet_assets.rb:11:in `call'
actionpack (5.1.5) lib/action_dispatch/middleware/remote_ip.rb:79:in `call'
actionpack (5.1.5) lib/action_dispatch/middleware/request_id.rb:25:in `call'
rack (2.0.4) lib/rack/method_override.rb:22:in `call'
rack (2.0.4) lib/rack/runtime.rb:22:in `call'
activesupport (5.1.5) lib/active_support/cache/strategy/local_cache_middleware.rb:27:in `call'
actionpack (5.1.5) lib/action_dispatch/middleware/executor.rb:12:in `call'
actionpack (5.1.5) lib/action_dispatch/middleware/static.rb:125:in `call'
rack (2.0.4) lib/rack/sendfile.rb:111:in `call'
railties (5.1.5) lib/rails/engine.rb:522:in `call'
puma (3.11.3) lib/puma/configuration.rb:225:in `call'
puma (3.11.3) lib/puma/server.rb:624:in `handle_request'
puma (3.11.3) lib/puma/server.rb:438:in `process_client'
puma (3.11.3) lib/puma/server.rb:302:in `block in run'
puma (3.11.3) lib/puma/thread_pool.rb:120:in `block in spawn_thread'
  
AbstractController::ActionNotFound (The action 'assest' could not be found for PagesController):
  
actionpack (5.1.5) lib/abstract_controller/base.rb:119:in `process'
actionview (5.1.5) lib/action_view/rendering.rb:30:in `process'
actionpack (5.1.5) lib/action_controller/metal.rb:189:in `dispatch'
actionpack (5.1.5) lib/action_controller/metal.rb:253:in `dispatch'
actionpack (5.1.5) lib/action_dispatch/routing/route_set.rb:49:in `dispatch'
actionpack (5.1.5) lib/action_dispatch/routing/route_set.rb:31:in `serve'
actionpack (5.1.5) lib/action_dispatch/journey/router.rb:50:in `block in serve'
actionpack (5.1.5) lib/action_dispatch/journey/router.rb:33:in `each'
actionpack (5.1.5) lib/action_dispatch/journey/router.rb:33:in `serve'
actionpack (5.1.5) lib/action_dispatch/routing/route_set.rb:844:in `call'
rack (2.0.4) lib/rack/etag.rb:25:in `call'
rack (2.0.4) lib/rack/conditional_get.rb:25:in `call'
rack (2.0.4) lib/rack/head.rb:12:in `call'
rack (2.0.4) lib/rack/session/abstract/id.rb:232:in `context'
rack (2.0.4) lib/rack/session/abstract/id.rb:226:in `call'
actionpack (5.1.5) lib/action_dispatch/middleware/cookies.rb:613:in `call'
activerecord (5.1.5) lib/active_record/migration.rb:556:in `call'
actionpack (5.1.5) lib/action_dispatch/middleware/callbacks.rb:26:in `block in call'
activesupport (5.1.5) lib/active_support/callbacks.rb:97:in `run_callbacks'
actionpack (5.1.5) lib/action_dispatch/middleware/callbacks.rb:24:in `call'
actionpack (5.1.5) lib/action_dispatch/middleware/executor.rb:12:in `call'
actionpack (5.1.5) lib/action_dispatch/middleware/debug_exceptions.rb:59:in `call'
web-console (3.5.1) lib/web_console/middleware.rb:135:in `call_app'
web-console (3.5.1) lib/web_console/middleware.rb:28:in `block in call'
web-console (3.5.1) lib/web_console/middleware.rb:18:in `catch'
web-console (3.5.1) lib/web_console/middleware.rb:18:in `call'
actionpack (5.1.5) lib/action_dispatch/middleware/show_exceptions.rb:31:in `call'
railties (5.1.5) lib/rails/rack/logger.rb:36:in `call_app'
railties (5.1.5) lib/rails/rack/logger.rb:24:in `block in call'
activesupport (5.1.5) lib/active_support/tagged_logging.rb:69:in `block in tagged'
activesupport (5.1.5) lib/active_support/tagged_logging.rb:26:in `tagged'
activesupport (5.1.5) lib/active_support/tagged_logging.rb:69:in `tagged'
railties (5.1.5) lib/rails/rack/logger.rb:24:in `call'
sprockets-rails (3.2.1) lib/sprockets/rails/quiet_assets.rb:11:in `block in call'
activesupport (5.1.5) lib/active_support/logger_silence.rb:20:in `silence'
activesupport (5.1.5) lib/active_support/logger.rb:63:in `block (3 levels) in broadcast'
activesupport (5.1.5) lib/active_support/logger_silence.rb:20:in `silence'
activesupport (5.1.5) lib/active_support/logger.rb:61:in `block (2 levels) in broadcast'
sprockets-rails (3.2.1) lib/sprockets/rails/quiet_assets.rb:11:in `call'
actionpack (5.1.5) lib/action_dispatch/middleware/remote_ip.rb:79:in `call'
actionpack (5.1.5) lib/action_dispatch/middleware/request_id.rb:25:in `call'
rack (2.0.4) lib/rack/method_override.rb:22:in `call'
rack (2.0.4) lib/rack/runtime.rb:22:in `call'
activesupport (5.1.5) lib/active_support/cache/strategy/local_cache_middleware.rb:27:in `call'
actionpack (5.1.5) lib/action_dispatch/middleware/executor.rb:12:in `call'
actionpack (5.1.5) lib/action_dispatch/middleware/static.rb:125:in `call'
rack (2.0.4) lib/rack/sendfile.rb:111:in `call'
railties (5.1.5) lib/rails/engine.rb:522:in `call'
puma (3.11.3) lib/puma/configuration.rb:225:in `call'
puma (3.11.3) lib/puma/server.rb:624:in `handle_request'
puma (3.11.3) lib/puma/server.rb:438:in `process_client'
puma (3.11.3) lib/puma/server.rb:302:in `block in run'
puma (3.11.3) lib/puma/thread_pool.rb:120:in `block in spawn_thread'
Started GET "/url" for 127.0.0.1 at 2018-03-27 10:58:53 +1100
Processing by PagesController#url as HTML
  Rendering pages/url.html.erb within layouts/application
  Rendered pages/url.html.erb within layouts/application (168.9ms)
Completed 500 Internal Server Error in 175ms


  
ActionView::Template::Error (undefined local variable or method `root_path' for #<#<Class:0x007f10e84e9968>:0x007f10e84e3d10>
Did you mean?  font_path):
    1: <h1>URL hekpers</h1>
    2: 
    3: <%= link_to 'Home', root_path %>
  
app/views/pages/url.html.erb:3:in `_app_views_pages_url_html_erb___281313894558263890_69855296835840'
Started GET "/url" for 127.0.0.1 at 2018-03-27 10:59:11 +1100
Processing by PagesController#url as HTML
  Rendering pages/url.html.erb within layouts/application
  Rendered pages/url.html.erb within layouts/application (103.0ms)
Completed 500 Internal Server Error in 107ms


  
ActionView::Template::Error (undefined method `root_path_path' for #<#<Class:0x007f10e84e9968>:0x007f10d91af428>):
    1: <h1>URL hekpers</h1>
    2: 
    3: <%= link_to 'Home', :root_path %>
  
app/views/pages/url.html.erb:3:in `_app_views_pages_url_html_erb___281313894558263890_69855169357400'
Started GET "/url" for 127.0.0.1 at 2018-03-27 10:59:32 +1100
Processing by PagesController#url as HTML
  Rendering pages/url.html.erb within layouts/application
  Rendered pages/url.html.erb within layouts/application (0.4ms)
Completed 200 OK in 29ms (Views: 25.9ms)


Started GET "/" for 127.0.0.1 at 2018-03-27 10:59:34 +1100
Processing by Rails::WelcomeController#index as HTML
  Rendering /home/rob/.rvm/gems/ruby-2.4.1/gems/railties-5.1.5/lib/rails/templates/rails/welcome/index.html.erb
  Rendered /home/rob/.rvm/gems/ruby-2.4.1/gems/railties-5.1.5/lib/rails/templates/rails/welcome/index.html.erb (2.3ms)
Completed 200 OK in 5ms (Views: 3.6ms)


Started GET "/" for 127.0.0.1 at 2018-03-27 10:59:34 +1100
Processing by Rails::WelcomeController#index as HTML
  Rendering /home/rob/.rvm/gems/ruby-2.4.1/gems/railties-5.1.5/lib/rails/templates/rails/welcome/index.html.erb
  Rendered /home/rob/.rvm/gems/ruby-2.4.1/gems/railties-5.1.5/lib/rails/templates/rails/welcome/index.html.erb (1.6ms)
Completed 200 OK in 4ms (Views: 2.5ms)


Started GET "/" for 127.0.0.1 at 2018-03-27 11:01:59 +1100
  
ArgumentError (wrong number of arguments (given 0, expected 1..2)):
  
config/routes.rb:2:in `block in <top (required)>'
config/routes.rb:1:in `<top (required)>'
Started GET "/" for 127.0.0.1 at 2018-03-27 11:02:14 +1100
Processing by Rails::WelcomeController#index as HTML
  Rendering /home/rob/.rvm/gems/ruby-2.4.1/gems/railties-5.1.5/lib/rails/templates/rails/welcome/index.html.erb
  Rendered /home/rob/.rvm/gems/ruby-2.4.1/gems/railties-5.1.5/lib/rails/templates/rails/welcome/index.html.erb (2.1ms)
Completed 200 OK in 5ms (Views: 3.7ms)


Started GET "/text" for 127.0.0.1 at 2018-03-27 11:02:19 +1100
Processing by PagesController#text as HTML
  Rendering pages/text.html.erb within layouts/application
  Rendered pages/text.html.erb within layouts/application (0.5ms)
Completed 200 OK in 34ms (Views: 30.1ms)


Started GET "/numbers" for 127.0.0.1 at 2018-03-27 11:02:23 +1100
Processing by PagesController#numbers as HTML
  Rendering pages/numbers.html.erb within layouts/application
  Rendered pages/numbers.html.erb within layouts/application (3.8ms)
Completed 200 OK in 44ms (Views: 40.0ms)


Started GET "/text" for 127.0.0.1 at 2018-03-27 11:02:24 +1100
Processing by PagesController#text as HTML
  Rendering pages/text.html.erb within layouts/application
  Rendered pages/text.html.erb within layouts/application (0.5ms)
Completed 200 OK in 31ms (Views: 28.1ms)


Started GET "/url" for 127.0.0.1 at 2018-03-27 11:02:26 +1100
Processing by PagesController#url as HTML
  Rendering pages/url.html.erb within layouts/application
  Rendered pages/url.html.erb within layouts/application (0.5ms)
Completed 200 OK in 34ms (Views: 31.4ms)


Started GET "/numbers" for 127.0.0.1 at 2018-03-27 11:02:29 +1100
Processing by PagesController#numbers as HTML
  Rendering pages/numbers.html.erb within layouts/application
  Rendered pages/numbers.html.erb within layouts/application (1.7ms)
Completed 200 OK in 42ms (Views: 40.0ms)


Started GET "/text" for 127.0.0.1 at 2018-03-27 11:02:30 +1100
Processing by PagesController#text as HTML
  Rendering pages/text.html.erb within layouts/application
  Rendered pages/text.html.erb within layouts/application (0.7ms)
Completed 200 OK in 44ms (Views: 39.9ms)


Started GET "/url" for 127.0.0.1 at 2018-03-27 11:02:31 +1100
Processing by PagesController#url as HTML
  Rendering pages/url.html.erb within layouts/application
  Rendered pages/url.html.erb within layouts/application (0.4ms)
Completed 200 OK in 41ms (Views: 38.8ms)


Started GET "/url" for 127.0.0.1 at 2018-03-27 11:07:02 +1100
Processing by PagesController#url as HTML
  Rendering pages/url.html.erb within layouts/application
  Rendered pages/url.html.erb within layouts/application (0.3ms)
Completed 200 OK in 20ms (Views: 17.2ms)


Started GET "/" for 127.0.0.1 at 2018-03-27 11:07:04 +1100
Processing by PagesController#home as HTML
  Rendering pages/home.html.erb within layouts/application
  Rendered pages/home.html.erb within layouts/application (0.7ms)
Completed 200 OK in 31ms (Views: 29.1ms)


Started GET "/numbers" for 127.0.0.1 at 2018-03-27 11:07:05 +1100
Processing by PagesController#numbers as HTML
  Rendering pages/numbers.html.erb within layouts/application
  Rendered pages/numbers.html.erb within layouts/application (2.5ms)
Completed 200 OK in 26ms (Views: 23.1ms)


Started GET "/text" for 127.0.0.1 at 2018-03-27 11:07:05 +1100
Processing by PagesController#text as HTML
  Rendering pages/text.html.erb within layouts/application
  Rendered pages/text.html.erb within layouts/application (1.1ms)
Completed 200 OK in 37ms (Views: 33.9ms)


Started GET "/url" for 127.0.0.1 at 2018-03-27 11:07:06 +1100
Processing by PagesController#url as HTML
  Rendering pages/url.html.erb within layouts/application
  Rendered pages/url.html.erb within layouts/application (0.4ms)
Completed 200 OK in 41ms (Views: 37.6ms)


